Using pre-set license
Built from '2021.3/staging' branch; Version is '2021.3.15f1 (e8e88683f834) revision 15263878'; Using compiler version '192829333'; Build Type 'Release'
OS: 'Windows 10  (10.0.19044) 64bit Professional' Language: 'en' Physical Memory: 32653 MB
BatchMode: 1, IsHumanControllingUs: 0, StartBugReporterOnCrash: 0, Is64bit: 1, IsPro: 1

COMMAND LINE ARGUMENTS:
C:\Program Files\Unity\Hub\Editor\2021.3.15f1\Editor\Unity.exe
-adb2
-batchMode
-noUpm
-name
AssetImportWorker6
-projectPath
C:/Users/Katie/Projects/GitHub/EteXPLOaRE
-logFile
Logs/AssetImportWorker6.log
-srvPort
52709
Successfully changed project path to: C:/Users/Katie/Projects/GitHub/EteXPLOaRE
C:/Users/Katie/Projects/GitHub/EteXPLOaRE
[UnityMemory] Configuration Parameters - Can be set up in boot.config
    "memorysetup-bucket-allocator-granularity=16"
    "memorysetup-bucket-allocator-bucket-count=8"
    "memorysetup-bucket-allocator-block-size=33554432"
    "memorysetup-bucket-allocator-block-count=8"
    "memorysetup-main-allocator-block-size=16777216"
    "memorysetup-thread-allocator-block-size=16777216"
    "memorysetup-gfx-main-allocator-block-size=16777216"
    "memorysetup-gfx-thread-allocator-block-size=16777216"
    "memorysetup-cache-allocator-block-size=4194304"
    "memorysetup-typetree-allocator-block-size=2097152"
    "memorysetup-profiler-bucket-allocator-granularity=16"
    "memorysetup-profiler-bucket-allocator-bucket-count=8"
    "memorysetup-profiler-bucket-allocator-block-size=33554432"
    "memorysetup-profiler-bucket-allocator-block-count=8"
    "memorysetup-profiler-allocator-block-size=16777216"
    "memorysetup-profiler-editor-allocator-block-size=1048576"
    "memorysetup-temp-allocator-size-main=16777216"
    "memorysetup-job-temp-allocator-block-size=2097152"
    "memorysetup-job-temp-allocator-block-size-background=1048576"
    "memorysetup-job-temp-allocator-reduction-small-platforms=262144"
    "memorysetup-temp-allocator-size-background-worker=32768"
    "memorysetup-temp-allocator-size-job-worker=262144"
    "memorysetup-temp-allocator-size-preload-manager=33554432"
    "memorysetup-temp-allocator-size-nav-mesh-worker=65536"
    "memorysetup-temp-allocator-size-audio-worker=65536"
    "memorysetup-temp-allocator-size-cloud-worker=32768"
    "memorysetup-temp-allocator-size-gi-baking-worker=262144"
    "memorysetup-temp-allocator-size-gfx=262144"
Player connection [61996] Host "[IP] 169.254.36.30 [Port] 0 [Flags] 2 [Guid] 2887236164 [EditorId] 2887236164 [Version] 1048832 [Id] WindowsEditor(7,Lovelace-Win10) [Debug] 1 [PackageName] WindowsEditor [ProjectName] Editor" joined multi-casting on [225.0.0.222:54997]...

Player connection [61996] Host "[IP] 169.254.36.30 [Port] 0 [Flags] 2 [Guid] 2887236164 [EditorId] 2887236164 [Version] 1048832 [Id] WindowsEditor(7,Lovelace-Win10) [Debug] 1 [PackageName] WindowsEditor [ProjectName] Editor" joined alternative multi-casting on [225.0.0.222:34997]...

Refreshing native plugins compatible for Editor in 103.02 ms, found 3 plugins.
Preloading 0 native plugins for Editor in 0.00 ms.
Initialize engine version: 2021.3.15f1 (e8e88683f834)
[Subsystems] Discovering subsystems at path C:/Program Files/Unity/Hub/Editor/2021.3.15f1/Editor/Data/Resources/UnitySubsystems
[Subsystems] Discovering subsystems at path C:/Users/Katie/Projects/GitHub/EteXPLOaRE/Assets
GfxDevice: creating device client; threaded=0; jobified=0
Direct3D:
    Version:  Direct3D 11.0 [level 11.1]
    Renderer: NVIDIA GeForce RTX 3060 Ti (ID=0x2489)
    Vendor:   NVIDIA
    VRAM:     8050 MB
    Driver:   31.0.15.1694
Initialize mono
Mono path[0] = 'C:/Program Files/Unity/Hub/Editor/2021.3.15f1/Editor/Data/Managed'
Mono path[1] = 'C:/Program Files/Unity/Hub/Editor/2021.3.15f1/Editor/Data/MonoBleedingEdge/lib/mono/unityjit-win32'
Mono config path = 'C:/Program Files/Unity/Hub/Editor/2021.3.15f1/Editor/Data/MonoBleedingEdge/etc'
Using monoOptions --debugger-agent=transport=dt_socket,embedding=1,server=y,suspend=n,address=127.0.0.1:56688
Begin MonoManager ReloadAssembly
Registering precompiled unity dll's ...
Register platform support module: C:/Program Files/Unity/Hub/Editor/2021.3.15f1/Editor/Data/PlaybackEngines/WebGLSupport/UnityEditor.WebGL.Extensions.dll
Register platform support module: C:/Program Files/Unity/Hub/Editor/2021.3.15f1/Editor/Data/PlaybackEngines/AndroidPlayer/UnityEditor.Android.Extensions.dll
Register platform support module: C:/Program Files/Unity/Hub/Editor/2021.3.15f1/Editor/Data/PlaybackEngines/WindowsStandaloneSupport/UnityEditor.WindowsStandalone.Extensions.dll
Register platform support module: C:/Program Files/Unity/Hub/Editor/2021.3.15f1/Editor/Data/PlaybackEngines/LinuxStandaloneSupport/UnityEditor.LinuxStandalone.Extensions.dll
Registered in 0.027619 seconds.
Native extension for LinuxStandalone target not found
Native extension for WindowsStandalone target not found
Native extension for Android target not found
Native extension for WebGL target not found
Refreshing native plugins compatible for Editor in 97.88 ms, found 3 plugins.
Preloading 0 native plugins for Editor in 0.00 ms.
Mono: successfully reloaded assembly
- Completed reload, in  0.700 seconds
Domain Reload Profiling:
	ReloadAssembly (700ms)
		BeginReloadAssembly (114ms)
			ExecutionOrderSort (0ms)
			DisableScriptedObjects (0ms)
			BackupInstance (0ms)
			ReleaseScriptingObjects (0ms)
			CreateAndSetChildDomain (1ms)
		EndReloadAssembly (452ms)
			LoadAssemblies (111ms)
			RebuildTransferFunctionScriptingTraits (0ms)
			SetupTypeCache (101ms)
			ReleaseScriptCaches (0ms)
			RebuildScriptCaches (21ms)
			SetupLoadedEditorAssemblies (277ms)
				LogAssemblyErrors (0ms)
				InitializePlatformSupportModulesInManaged (65ms)
				SetLoadedEditorAssemblies (0ms)
				RefreshPlugins (98ms)
				BeforeProcessingInitializeOnLoad (1ms)
				ProcessInitializeOnLoadAttributes (77ms)
				ProcessInitializeOnLoadMethodAttributes (36ms)
				AfterProcessingInitializeOnLoad (0ms)
				EditorAssembliesLoaded (0ms)
			ExecutionOrderSort2 (0ms)
			AwakeInstancesAfterBackupRestoration (0ms)
Platform modules already initialized, skipping
Registering precompiled user dll's ...
Registered in 0.015968 seconds.
Begin MonoManager ReloadAssembly
Symbol file LoadedFromMemory doesn't match image C:\Users\Katie\Projects\GitHub\EteXPLOaRE\Library\PackageCache\com.unity.visualscripting@1.7.8\Editor\VisualScripting.Core\Dependencies\YamlDotNet\Unity.VisualScripting.YamlDotNet.dll
Symbol file LoadedFromMemory doesn't match image C:\Users\Katie\Projects\GitHub\EteXPLOaRE\Library\PackageCache\com.unity.visualscripting@1.7.8\Editor\VisualScripting.Core\Dependencies\DotNetZip\Unity.VisualScripting.IonicZip.dll
Native extension for LinuxStandalone target not found
Native extension for WindowsStandalone target not found
Native extension for Android target not found
Native extension for WebGL target not found
Refreshing native plugins compatible for Editor in 104.13 ms, found 3 plugins.
Preloading 0 native plugins for Editor in 0.00 ms.
Mono: successfully reloaded assembly
- Completed reload, in  1.516 seconds
Domain Reload Profiling:
	ReloadAssembly (1517ms)
		BeginReloadAssembly (267ms)
			ExecutionOrderSort (0ms)
			DisableScriptedObjects (5ms)
			BackupInstance (0ms)
			ReleaseScriptingObjects (0ms)
			CreateAndSetChildDomain (120ms)
		EndReloadAssembly (1115ms)
			LoadAssemblies (164ms)
			RebuildTransferFunctionScriptingTraits (0ms)
			SetupTypeCache (264ms)
			ReleaseScriptCaches (1ms)
			RebuildScriptCaches (65ms)
			SetupLoadedEditorAssemblies (618ms)
				LogAssemblyErrors (0ms)
				InitializePlatformSupportModulesInManaged (31ms)
				SetLoadedEditorAssemblies (0ms)
				RefreshPlugins (104ms)
				BeforeProcessingInitializeOnLoad (147ms)
				ProcessInitializeOnLoadAttributes (246ms)
				ProcessInitializeOnLoadMethodAttributes (69ms)
				AfterProcessingInitializeOnLoad (20ms)
				EditorAssembliesLoaded (0ms)
			ExecutionOrderSort2 (0ms)
			AwakeInstancesAfterBackupRestoration (6ms)
Platform modules already initialized, skipping
========================================================================
Worker process is ready to serve import requests
Launched and connected shader compiler UnityShaderCompiler.exe after 0.05 seconds
Refreshing native plugins compatible for Editor in 0.96 ms, found 3 plugins.
Preloading 0 native plugins for Editor in 0.00 ms.
Unloading 5483 Unused Serialized files (Serialized files now loaded: 0)
Unloading 35 unused Assets / (0.8 MB). Loaded Objects now: 5943.
Memory consumption went from 219.6 MB to 218.8 MB.
Total: 3.673600 ms (FindLiveObjects: 0.516000 ms CreateObjectMapping: 0.149800 ms MarkObjects: 2.620100 ms  DeleteObjects: 0.386800 ms)

AssetImportParameters requested are different than current active one (requested -> active):
  custom:video-decoder-ogg-theora: a1e56fd34408186e4bbccfd4996cb3dc -> 
  custom:container-muxer-webm: aa71ff27fc2769a1b78a27578f13a17b -> 
  custom:container-demuxer-webm: 4f35f7cbe854078d1ac9338744f61a02 -> 
  custom:video-encoder-webm-vp8: eb34c28f22e8b96e1ab97ce403110664 -> 
  custom:audio-encoder-webm-vorbis: bf7c407c2cedff20999df2af8eb42d56 -> 
  custom:framework-win-MediaFoundation: 216162199b28c13a410421893ffa2e32 -> 
  custom:container-demuxer-ogg: 62fdf1f143b41e24485cea50d1cbac27 -> 
  custom:video-decoder-webm-vp8: 9c59270c3fd7afecdb556c50c9e8de78 -> 
  custom:audio-decoder-ogg-vorbis: bf7c407c2cedff20999df2af8eb42d56 -> 
========================================================================
Received Prepare
Registering precompiled user dll's ...
Registered in 0.017265 seconds.
Begin MonoManager ReloadAssembly
Symbol file LoadedFromMemory doesn't match image C:\Users\Katie\Projects\GitHub\EteXPLOaRE\Library\PackageCache\com.unity.visualscripting@1.7.8\Editor\VisualScripting.Core\Dependencies\YamlDotNet\Unity.VisualScripting.YamlDotNet.dll
Symbol file LoadedFromMemory doesn't match image C:\Users\Katie\Projects\GitHub\EteXPLOaRE\Library\PackageCache\com.unity.visualscripting@1.7.8\Editor\VisualScripting.Core\Dependencies\DotNetZip\Unity.VisualScripting.IonicZip.dll
Native extension for LinuxStandalone target not found
Native extension for WindowsStandalone target not found
Native extension for Android target not found
Native extension for WebGL target not found
Refreshing native plugins compatible for Editor in 1.04 ms, found 3 plugins.
Preloading 0 native plugins for Editor in 0.00 ms.
Mono: successfully reloaded assembly
- Completed reload, in  1.402 seconds
Domain Reload Profiling:
	ReloadAssembly (1403ms)
		BeginReloadAssembly (239ms)
			ExecutionOrderSort (0ms)
			DisableScriptedObjects (6ms)
			BackupInstance (0ms)
			ReleaseScriptingObjects (0ms)
			CreateAndSetChildDomain (39ms)
		EndReloadAssembly (1021ms)
			LoadAssemblies (226ms)
			RebuildTransferFunctionScriptingTraits (0ms)
			SetupTypeCache (275ms)
			ReleaseScriptCaches (2ms)
			RebuildScriptCaches (42ms)
			SetupLoadedEditorAssemblies (477ms)
				LogAssemblyErrors (0ms)
				InitializePlatformSupportModulesInManaged (39ms)
				SetLoadedEditorAssemblies (0ms)
				RefreshPlugins (1ms)
				BeforeProcessingInitializeOnLoad (129ms)
				ProcessInitializeOnLoadAttributes (215ms)
				ProcessInitializeOnLoadMethodAttributes (70ms)
				AfterProcessingInitializeOnLoad (22ms)
				EditorAssembliesLoaded (0ms)
			ExecutionOrderSort2 (0ms)
			AwakeInstancesAfterBackupRestoration (14ms)
Platform modules already initialized, skipping
Refreshing native plugins compatible for Editor in 3.80 ms, found 3 plugins.
Preloading 0 native plugins for Editor in 0.00 ms.
Unloading 5326 Unused Serialized files (Serialized files now loaded: 0)
Unloading 28 unused Assets / (0.8 MB). Loaded Objects now: 5946.
Memory consumption went from 207.4 MB to 206.6 MB.
Total: 5.630800 ms (FindLiveObjects: 0.751500 ms CreateObjectMapping: 0.203200 ms MarkObjects: 4.006400 ms  DeleteObjects: 0.668200 ms)

AssetImportParameters requested are different than current active one (requested -> active):
  custom:video-decoder-ogg-theora: a1e56fd34408186e4bbccfd4996cb3dc -> 
  custom:container-muxer-webm: aa71ff27fc2769a1b78a27578f13a17b -> 
  custom:container-demuxer-webm: 4f35f7cbe854078d1ac9338744f61a02 -> 
  custom:video-encoder-webm-vp8: eb34c28f22e8b96e1ab97ce403110664 -> 
  custom:audio-encoder-webm-vorbis: bf7c407c2cedff20999df2af8eb42d56 -> 
  custom:framework-win-MediaFoundation: 216162199b28c13a410421893ffa2e32 -> 
  custom:container-demuxer-ogg: 62fdf1f143b41e24485cea50d1cbac27 -> 
  custom:video-decoder-webm-vp8: 9c59270c3fd7afecdb556c50c9e8de78 -> 
  custom:audio-decoder-ogg-vorbis: bf7c407c2cedff20999df2af8eb42d56 -> 
========================================================================
Received Import Request.
  Time since last request: 171864.203731 seconds.
  path: Assets/Actors/Objects/RawResourceExtractor.prefab
  artifactKey: Guid(f8f6341176e54c146863210c56d27265) Importer(815301076,1909f56bfc062723c751e8b465ee728b)
Start importing Assets/Actors/Objects/RawResourceExtractor.prefab using Guid(f8f6341176e54c146863210c56d27265) Importer(815301076,1909f56bfc062723c751e8b465ee728b)  -> (artifact id: '5092579f1a33b852881a6697e3a94bac') in 0.311726 seconds 
========================================================================
Received Import Request.
  Time since last request: 0.000027 seconds.
  path: Assets/Actors/Objects/Assembler.prefab
  artifactKey: Guid(34ca1b240cade83449c57c26d335250d) Importer(815301076,1909f56bfc062723c751e8b465ee728b)
Start importing Assets/Actors/Objects/Assembler.prefab using Guid(34ca1b240cade83449c57c26d335250d) Importer(815301076,1909f56bfc062723c751e8b465ee728b)  -> (artifact id: '164810e8dc03dc7943b55cdaa373b94f') in 0.052044 seconds 
========================================================================
Received Import Request.
  Time since last request: 3.033486 seconds.
  path: Assets/Actors/Objects/Factory.prefab
  artifactKey: Guid(4d3f9b68d914b3e409585289058e4bfe) Importer(815301076,1909f56bfc062723c751e8b465ee728b)
Start importing Assets/Actors/Objects/Factory.prefab using Guid(4d3f9b68d914b3e409585289058e4bfe) Importer(815301076,1909f56bfc062723c751e8b465ee728b)  -> (artifact id: 'd913cae1b1b4523553d076a6ff95d2f4') in 0.041571 seconds 
========================================================================
Received Import Request.
  Time since last request: 0.000033 seconds.
  path: Assets/Actors/Objects/RawResourceExtractor.prefab
  artifactKey: Guid(f8f6341176e54c146863210c56d27265) Importer(815301076,1909f56bfc062723c751e8b465ee728b)
Start importing Assets/Actors/Objects/RawResourceExtractor.prefab using Guid(f8f6341176e54c146863210c56d27265) Importer(815301076,1909f56bfc062723c751e8b465ee728b)  -> (artifact id: '04b38860ab5bbfcfab933c3a204e1598') in 0.063559 seconds 
========================================================================
Received Import Request.
  Time since last request: 0.915072 seconds.
  path: Assets/Actors/Objects/Factory.prefab
  artifactKey: Guid(4d3f9b68d914b3e409585289058e4bfe) Importer(815301076,1909f56bfc062723c751e8b465ee728b)
Start importing Assets/Actors/Objects/Factory.prefab using Guid(4d3f9b68d914b3e409585289058e4bfe) Importer(815301076,1909f56bfc062723c751e8b465ee728b)  -> (artifact id: '5cd2e1f0c9148136d5d23cc833c82e02') in 0.046224 seconds 
========================================================================
Received Import Request.
  Time since last request: 0.000036 seconds.
  path: Assets/Actors/Objects/RawResourceExtractor.prefab
  artifactKey: Guid(f8f6341176e54c146863210c56d27265) Importer(815301076,1909f56bfc062723c751e8b465ee728b)
Start importing Assets/Actors/Objects/RawResourceExtractor.prefab using Guid(f8f6341176e54c146863210c56d27265) Importer(815301076,1909f56bfc062723c751e8b465ee728b)  -> (artifact id: '4be6ef0403ff117f39b0f5d931e5c580') in 0.042833 seconds 
========================================================================
Received Import Request.
  Time since last request: 2.705675 seconds.
  path: Assets/Actors/Objects/Factory.prefab
  artifactKey: Guid(4d3f9b68d914b3e409585289058e4bfe) Importer(815301076,1909f56bfc062723c751e8b465ee728b)
Start importing Assets/Actors/Objects/Factory.prefab using Guid(4d3f9b68d914b3e409585289058e4bfe) Importer(815301076,1909f56bfc062723c751e8b465ee728b)  -> (artifact id: 'c62a6a8ccdd76158faf2646d4a4e0c24') in 0.046580 seconds 
========================================================================
Received Import Request.
  Time since last request: 0.000061 seconds.
  path: Assets/Actors/Objects/Rocket.prefab
  artifactKey: Guid(f8e8f86d7f96d6f44a70ac9200c9ee43) Importer(815301076,1909f56bfc062723c751e8b465ee728b)
Start importing Assets/Actors/Objects/Rocket.prefab using Guid(f8e8f86d7f96d6f44a70ac9200c9ee43) Importer(815301076,1909f56bfc062723c751e8b465ee728b)  -> (artifact id: '15520f96b2a3946f49fad07ff1448d45') in 0.045533 seconds 
========================================================================
Received Import Request.
  Time since last request: 6.534314 seconds.
  path: Assets/Actors/Objects/Factory.prefab
  artifactKey: Guid(4d3f9b68d914b3e409585289058e4bfe) Importer(815301076,1909f56bfc062723c751e8b465ee728b)
Start importing Assets/Actors/Objects/Factory.prefab using Guid(4d3f9b68d914b3e409585289058e4bfe) Importer(815301076,1909f56bfc062723c751e8b465ee728b)  -> (artifact id: '743bc265f54dcce306bb4a28110c8b17') in 0.041576 seconds 
========================================================================
Received Import Request.
  Time since last request: 0.000025 seconds.
  path: Assets/Actors/Objects/Rocket.prefab
  artifactKey: Guid(f8e8f86d7f96d6f44a70ac9200c9ee43) Importer(815301076,1909f56bfc062723c751e8b465ee728b)
Start importing Assets/Actors/Objects/Rocket.prefab using Guid(f8e8f86d7f96d6f44a70ac9200c9ee43) Importer(815301076,1909f56bfc062723c751e8b465ee728b)  -> (artifact id: 'b7a694e9ba90eebabfac92230a8f97c2') in 0.039224 seconds 
========================================================================
Received Import Request.
  Time since last request: 3.236987 seconds.
  path: Assets/Actors/Objects/Factory.prefab
  artifactKey: Guid(4d3f9b68d914b3e409585289058e4bfe) Importer(815301076,1909f56bfc062723c751e8b465ee728b)
Start importing Assets/Actors/Objects/Factory.prefab using Guid(4d3f9b68d914b3e409585289058e4bfe) Importer(815301076,1909f56bfc062723c751e8b465ee728b)  -> (artifact id: 'e58088fb75e33eb7f3cfdf9bd33daf3d') in 0.037119 seconds 
========================================================================
Received Import Request.
  Time since last request: 0.000032 seconds.
  path: Assets/Actors/Objects/RawResourceExtractor.prefab
  artifactKey: Guid(f8f6341176e54c146863210c56d27265) Importer(815301076,1909f56bfc062723c751e8b465ee728b)
Start importing Assets/Actors/Objects/RawResourceExtractor.prefab using Guid(f8f6341176e54c146863210c56d27265) Importer(815301076,1909f56bfc062723c751e8b465ee728b)  -> (artifact id: '43210b488a7e8449d87ac789a97a499f') in 0.041491 seconds 
========================================================================
Received Import Request.
  Time since last request: 2.954931 seconds.
  path: Assets/Actors/Objects/Factory.prefab
  artifactKey: Guid(4d3f9b68d914b3e409585289058e4bfe) Importer(815301076,1909f56bfc062723c751e8b465ee728b)
Start importing Assets/Actors/Objects/Factory.prefab using Guid(4d3f9b68d914b3e409585289058e4bfe) Importer(815301076,1909f56bfc062723c751e8b465ee728b)  -> (artifact id: 'f922a447218723f49282d9942b56524b') in 0.040090 seconds 
========================================================================
Received Import Request.
  Time since last request: 0.000028 seconds.
  path: Assets/Actors/Objects/RawResourceExtractor.prefab
  artifactKey: Guid(f8f6341176e54c146863210c56d27265) Importer(815301076,1909f56bfc062723c751e8b465ee728b)
Start importing Assets/Actors/Objects/RawResourceExtractor.prefab using Guid(f8f6341176e54c146863210c56d27265) Importer(815301076,1909f56bfc062723c751e8b465ee728b)  -> (artifact id: '16963ad9a15aa84f67743de073b3010f') in 0.044677 seconds 
========================================================================
Received Prepare
Registering precompiled user dll's ...
Registered in 0.021515 seconds.
Begin MonoManager ReloadAssembly
Symbol file LoadedFromMemory doesn't match image C:\Users\Katie\Projects\GitHub\EteXPLOaRE\Library\PackageCache\com.unity.visualscripting@1.7.8\Editor\VisualScripting.Core\Dependencies\YamlDotNet\Unity.VisualScripting.YamlDotNet.dll
Symbol file LoadedFromMemory doesn't match image C:\Users\Katie\Projects\GitHub\EteXPLOaRE\Library\PackageCache\com.unity.visualscripting@1.7.8\Editor\VisualScripting.Core\Dependencies\DotNetZip\Unity.VisualScripting.IonicZip.dll
Native extension for LinuxStandalone target not found
Native extension for WindowsStandalone target not found
Native extension for Android target not found
Native extension for WebGL target not found
Refreshing native plugins compatible for Editor in 1.39 ms, found 3 plugins.
Preloading 0 native plugins for Editor in 0.00 ms.
Mono: successfully reloaded assembly
- Completed reload, in  1.663 seconds
Domain Reload Profiling:
	ReloadAssembly (1663ms)
		BeginReloadAssembly (336ms)
			ExecutionOrderSort (0ms)
			DisableScriptedObjects (9ms)
			BackupInstance (0ms)
			ReleaseScriptingObjects (0ms)
			CreateAndSetChildDomain (50ms)
		EndReloadAssembly (1178ms)
			LoadAssemblies (320ms)
			RebuildTransferFunctionScriptingTraits (0ms)
			SetupTypeCache (310ms)
			ReleaseScriptCaches (3ms)
			RebuildScriptCaches (45ms)
			SetupLoadedEditorAssemblies (546ms)
				LogAssemblyErrors (0ms)
				InitializePlatformSupportModulesInManaged (39ms)
				SetLoadedEditorAssemblies (0ms)
				RefreshPlugins (1ms)
				BeforeProcessingInitializeOnLoad (153ms)
				ProcessInitializeOnLoadAttributes (229ms)
				ProcessInitializeOnLoadMethodAttributes (96ms)
				AfterProcessingInitializeOnLoad (26ms)
				EditorAssembliesLoaded (0ms)
			ExecutionOrderSort2 (0ms)
			AwakeInstancesAfterBackupRestoration (25ms)
Platform modules already initialized, skipping
Refreshing native plugins compatible for Editor in 4.50 ms, found 3 plugins.
Preloading 0 native plugins for Editor in 0.00 ms.
Unloading 5332 Unused Serialized files (Serialized files now loaded: 0)
Unloading 28 unused Assets / (0.7 MB). Loaded Objects now: 6011.
Memory consumption went from 214.5 MB to 213.8 MB.
Total: 4.825200 ms (FindLiveObjects: 0.735400 ms CreateObjectMapping: 0.470900 ms MarkObjects: 3.190300 ms  DeleteObjects: 0.427200 ms)

AssetImportParameters requested are different than current active one (requested -> active):
  custom:video-decoder-ogg-theora: a1e56fd34408186e4bbccfd4996cb3dc -> 
  custom:container-muxer-webm: aa71ff27fc2769a1b78a27578f13a17b -> 
  custom:container-demuxer-webm: 4f35f7cbe854078d1ac9338744f61a02 -> 
  custom:video-encoder-webm-vp8: eb34c28f22e8b96e1ab97ce403110664 -> 
  custom:audio-encoder-webm-vorbis: bf7c407c2cedff20999df2af8eb42d56 -> 
  custom:framework-win-MediaFoundation: 216162199b28c13a410421893ffa2e32 -> 
  custom:container-demuxer-ogg: 62fdf1f143b41e24485cea50d1cbac27 -> 
  custom:video-decoder-webm-vp8: 9c59270c3fd7afecdb556c50c9e8de78 -> 
  custom:audio-decoder-ogg-vorbis: bf7c407c2cedff20999df2af8eb42d56 -> 
========================================================================
Received Prepare
Registering precompiled user dll's ...
Registered in 0.015160 seconds.
Begin MonoManager ReloadAssembly
Symbol file LoadedFromMemory doesn't match image C:\Users\Katie\Projects\GitHub\EteXPLOaRE\Library\PackageCache\com.unity.visualscripting@1.7.8\Editor\VisualScripting.Core\Dependencies\YamlDotNet\Unity.VisualScripting.YamlDotNet.dll
Symbol file LoadedFromMemory doesn't match image C:\Users\Katie\Projects\GitHub\EteXPLOaRE\Library\PackageCache\com.unity.visualscripting@1.7.8\Editor\VisualScripting.Core\Dependencies\DotNetZip\Unity.VisualScripting.IonicZip.dll
Native extension for LinuxStandalone target not found
Native extension for WindowsStandalone target not found
Native extension for Android target not found
Native extension for WebGL target not found
Refreshing native plugins compatible for Editor in 1.11 ms, found 3 plugins.
Preloading 0 native plugins for Editor in 0.00 ms.
Mono: successfully reloaded assembly
- Completed reload, in  1.461 seconds
Domain Reload Profiling:
	ReloadAssembly (1462ms)
		BeginReloadAssembly (242ms)
			ExecutionOrderSort (0ms)
			DisableScriptedObjects (4ms)
			BackupInstance (0ms)
			ReleaseScriptingObjects (0ms)
			CreateAndSetChildDomain (37ms)
		EndReloadAssembly (1064ms)
			LoadAssemblies (252ms)
			RebuildTransferFunctionScriptingTraits (0ms)
			SetupTypeCache (285ms)
			ReleaseScriptCaches (2ms)
			RebuildScriptCaches (45ms)
			SetupLoadedEditorAssemblies (464ms)
				LogAssemblyErrors (0ms)
				InitializePlatformSupportModulesInManaged (36ms)
				SetLoadedEditorAssemblies (0ms)
				RefreshPlugins (1ms)
				BeforeProcessingInitializeOnLoad (125ms)
				ProcessInitializeOnLoadAttributes (211ms)
				ProcessInitializeOnLoadMethodAttributes (68ms)
				AfterProcessingInitializeOnLoad (23ms)
				EditorAssembliesLoaded (0ms)
			ExecutionOrderSort2 (0ms)
			AwakeInstancesAfterBackupRestoration (18ms)
Platform modules already initialized, skipping
Refreshing native plugins compatible for Editor in 4.21 ms, found 3 plugins.
Preloading 0 native plugins for Editor in 0.00 ms.
Unloading 5333 Unused Serialized files (Serialized files now loaded: 0)
Unloading 28 unused Assets / (0.7 MB). Loaded Objects now: 6014.
Memory consumption went from 214.6 MB to 213.9 MB.
Total: 4.525200 ms (FindLiveObjects: 0.545000 ms CreateObjectMapping: 0.161200 ms MarkObjects: 3.355000 ms  DeleteObjects: 0.462500 ms)

AssetImportParameters requested are different than current active one (requested -> active):
  custom:video-decoder-ogg-theora: a1e56fd34408186e4bbccfd4996cb3dc -> 
  custom:container-muxer-webm: aa71ff27fc2769a1b78a27578f13a17b -> 
  custom:container-demuxer-webm: 4f35f7cbe854078d1ac9338744f61a02 -> 
  custom:video-encoder-webm-vp8: eb34c28f22e8b96e1ab97ce403110664 -> 
  custom:audio-encoder-webm-vorbis: bf7c407c2cedff20999df2af8eb42d56 -> 
  custom:framework-win-MediaFoundation: 216162199b28c13a410421893ffa2e32 -> 
  custom:container-demuxer-ogg: 62fdf1f143b41e24485cea50d1cbac27 -> 
  custom:video-decoder-webm-vp8: 9c59270c3fd7afecdb556c50c9e8de78 -> 
  custom:audio-decoder-ogg-vorbis: bf7c407c2cedff20999df2af8eb42d56 -> 
========================================================================
Received Import Request.
  Time since last request: 116.358411 seconds.
  path: Assets/Actors/Objects/Object.prefab
  artifactKey: Guid(d601ca78fcad3254ebe95269dc102a90) Importer(815301076,1909f56bfc062723c751e8b465ee728b)
Start importing Assets/Actors/Objects/Object.prefab using Guid(d601ca78fcad3254ebe95269dc102a90) Importer(815301076,1909f56bfc062723c751e8b465ee728b)  -> (artifact id: '4ca0047716f50033ef92c91c56cc7e9e') in 0.235837 seconds 
========================================================================
Received Import Request.
  Time since last request: 0.000036 seconds.
  path: Assets/Actors/Objects/Rocket.prefab
  artifactKey: Guid(f8e8f86d7f96d6f44a70ac9200c9ee43) Importer(815301076,1909f56bfc062723c751e8b465ee728b)
Start importing Assets/Actors/Objects/Rocket.prefab using Guid(f8e8f86d7f96d6f44a70ac9200c9ee43) Importer(815301076,1909f56bfc062723c751e8b465ee728b)  -> (artifact id: '27e4e5823927a7de721b8353738dde25') in 0.055437 seconds 
========================================================================
Received Import Request.
  Time since last request: 0.000051 seconds.
  path: Assets/Actors/Objects/Assembler.prefab
  artifactKey: Guid(34ca1b240cade83449c57c26d335250d) Importer(815301076,1909f56bfc062723c751e8b465ee728b)
Start importing Assets/Actors/Objects/Assembler.prefab using Guid(34ca1b240cade83449c57c26d335250d) Importer(815301076,1909f56bfc062723c751e8b465ee728b)  -> (artifact id: 'ee202dc1597aa94b8b202845c30e52e3') in 0.072686 seconds 
========================================================================
Received Import Request.
  Time since last request: 30.168955 seconds.
  path: Assets/Actors/Objects/Factory.prefab
  artifactKey: Guid(4d3f9b68d914b3e409585289058e4bfe) Importer(815301076,1909f56bfc062723c751e8b465ee728b)
Start importing Assets/Actors/Objects/Factory.prefab using Guid(4d3f9b68d914b3e409585289058e4bfe) Importer(815301076,1909f56bfc062723c751e8b465ee728b)  -> (artifact id: '1fadf1505b6213ec276b2d929241ed3e') in 0.037777 seconds 
========================================================================
Received Import Request.
  Time since last request: 0.857867 seconds.
  path: Assets/Actors/Objects/Factory.prefab
  artifactKey: Guid(4d3f9b68d914b3e409585289058e4bfe) Importer(815301076,1909f56bfc062723c751e8b465ee728b)
Start importing Assets/Actors/Objects/Factory.prefab using Guid(4d3f9b68d914b3e409585289058e4bfe) Importer(815301076,1909f56bfc062723c751e8b465ee728b)  -> (artifact id: '8740faf77dbfe7b480c6de78f8d2d829') in 0.043352 seconds 
========================================================================
Received Import Request.
  Time since last request: 0.866016 seconds.
  path: Assets/Actors/Objects/Factory.prefab
  artifactKey: Guid(4d3f9b68d914b3e409585289058e4bfe) Importer(815301076,1909f56bfc062723c751e8b465ee728b)
Start importing Assets/Actors/Objects/Factory.prefab using Guid(4d3f9b68d914b3e409585289058e4bfe) Importer(815301076,1909f56bfc062723c751e8b465ee728b)  -> (artifact id: 'ba9a922dbd3d48f4172cb96101e9d3c7') in 0.039400 seconds 
========================================================================
Received Import Request.
  Time since last request: 2.869029 seconds.
  path: Assets/Actors/Objects/Factory.prefab
  artifactKey: Guid(4d3f9b68d914b3e409585289058e4bfe) Importer(815301076,1909f56bfc062723c751e8b465ee728b)
Start importing Assets/Actors/Objects/Factory.prefab using Guid(4d3f9b68d914b3e409585289058e4bfe) Importer(815301076,1909f56bfc062723c751e8b465ee728b)  -> (artifact id: '1a8c84e8412d6efaa28e5aaa55636f54') in 0.037023 seconds 
========================================================================
Received Import Request.
  Time since last request: 6.092113 seconds.
  path: Assets/Actors/Objects/Factory.prefab
  artifactKey: Guid(4d3f9b68d914b3e409585289058e4bfe) Importer(815301076,1909f56bfc062723c751e8b465ee728b)
Start importing Assets/Actors/Objects/Factory.prefab using Guid(4d3f9b68d914b3e409585289058e4bfe) Importer(815301076,1909f56bfc062723c751e8b465ee728b)  -> (artifact id: 'fb5aed38de6310685dfd062e46cfffe5') in 0.044022 seconds 
========================================================================
Received Import Request.
  Time since last request: 7.540049 seconds.
  path: Assets/Actors/Objects/Factory.prefab
  artifactKey: Guid(4d3f9b68d914b3e409585289058e4bfe) Importer(815301076,1909f56bfc062723c751e8b465ee728b)
Start importing Assets/Actors/Objects/Factory.prefab using Guid(4d3f9b68d914b3e409585289058e4bfe) Importer(815301076,1909f56bfc062723c751e8b465ee728b)  -> (artifact id: '5a210b9bdb5cb6ab3a2265d26edd3fab') in 0.037623 seconds 
========================================================================
Received Prepare
Registering precompiled user dll's ...
Registered in 0.020171 seconds.
Begin MonoManager ReloadAssembly
Symbol file LoadedFromMemory doesn't match image C:\Users\Katie\Projects\GitHub\EteXPLOaRE\Library\PackageCache\com.unity.visualscripting@1.7.8\Editor\VisualScripting.Core\Dependencies\YamlDotNet\Unity.VisualScripting.YamlDotNet.dll
Symbol file LoadedFromMemory doesn't match image C:\Users\Katie\Projects\GitHub\EteXPLOaRE\Library\PackageCache\com.unity.visualscripting@1.7.8\Editor\VisualScripting.Core\Dependencies\DotNetZip\Unity.VisualScripting.IonicZip.dll
Native extension for LinuxStandalone target not found
Native extension for WindowsStandalone target not found
Native extension for Android target not found
Native extension for WebGL target not found
Refreshing native plugins compatible for Editor in 1.34 ms, found 3 plugins.
Preloading 0 native plugins for Editor in 0.00 ms.
Mono: successfully reloaded assembly
- Completed reload, in  1.690 seconds
Domain Reload Profiling:
	ReloadAssembly (1690ms)
		BeginReloadAssembly (329ms)
			ExecutionOrderSort (0ms)
			DisableScriptedObjects (8ms)
			BackupInstance (0ms)
			ReleaseScriptingObjects (0ms)
			CreateAndSetChildDomain (54ms)
		EndReloadAssembly (1204ms)
			LoadAssemblies (308ms)
			RebuildTransferFunctionScriptingTraits (0ms)
			SetupTypeCache (298ms)
			ReleaseScriptCaches (3ms)
			RebuildScriptCaches (53ms)
			SetupLoadedEditorAssemblies (555ms)
				LogAssemblyErrors (0ms)
				InitializePlatformSupportModulesInManaged (44ms)
				SetLoadedEditorAssemblies (0ms)
				RefreshPlugins (1ms)
				BeforeProcessingInitializeOnLoad (166ms)
				ProcessInitializeOnLoadAttributes (235ms)
				ProcessInitializeOnLoadMethodAttributes (82ms)
				AfterProcessingInitializeOnLoad (27ms)
				EditorAssembliesLoaded (0ms)
			ExecutionOrderSort2 (0ms)
			AwakeInstancesAfterBackupRestoration (27ms)
Platform modules already initialized, skipping
Refreshing native plugins compatible for Editor in 3.96 ms, found 3 plugins.
Preloading 0 native plugins for Editor in 0.00 ms.
Unloading 5332 Unused Serialized files (Serialized files now loaded: 0)
Unloading 28 unused Assets / (0.8 MB). Loaded Objects now: 6058.
Memory consumption went from 214.8 MB to 214.1 MB.
Total: 4.875800 ms (FindLiveObjects: 0.741300 ms CreateObjectMapping: 0.160600 ms MarkObjects: 3.396300 ms  DeleteObjects: 0.575600 ms)

AssetImportParameters requested are different than current active one (requested -> active):
  custom:video-decoder-ogg-theora: a1e56fd34408186e4bbccfd4996cb3dc -> 
  custom:container-muxer-webm: aa71ff27fc2769a1b78a27578f13a17b -> 
  custom:container-demuxer-webm: 4f35f7cbe854078d1ac9338744f61a02 -> 
  custom:video-encoder-webm-vp8: eb34c28f22e8b96e1ab97ce403110664 -> 
  custom:audio-encoder-webm-vorbis: bf7c407c2cedff20999df2af8eb42d56 -> 
  custom:framework-win-MediaFoundation: 216162199b28c13a410421893ffa2e32 -> 
  custom:container-demuxer-ogg: 62fdf1f143b41e24485cea50d1cbac27 -> 
  custom:video-decoder-webm-vp8: 9c59270c3fd7afecdb556c50c9e8de78 -> 
  custom:audio-decoder-ogg-vorbis: bf7c407c2cedff20999df2af8eb42d56 -> 
Editor requested this worker to shutdown with reason: Scaling down because of idle timeout
AssetImportWorker is now disconnected from the server
Process exiting
Exiting without the bug reporter. Application will terminate with return code 0