Using pre-set license
Built from '2021.3/staging' branch; Version is '2021.3.15f1 (e8e88683f834) revision 15263878'; Using compiler version '192829333'; Build Type 'Release'
OS: 'Windows 10  (10.0.19044) 64bit Professional' Language: 'en' Physical Memory: 32653 MB
BatchMode: 1, IsHumanControllingUs: 0, StartBugReporterOnCrash: 0, Is64bit: 1, IsPro: 1

COMMAND LINE ARGUMENTS:
C:\Program Files\Unity\Hub\Editor\2021.3.15f1\Editor\Unity.exe
-adb2
-batchMode
-noUpm
-name
AssetImportWorker1
-projectPath
C:/Users/Katie/Projects/GitHub/EteXPLOaRE
-logFile
Logs/AssetImportWorker1.log
-srvPort
52709
Successfully changed project path to: C:/Users/Katie/Projects/GitHub/EteXPLOaRE
C:/Users/Katie/Projects/GitHub/EteXPLOaRE
[UnityMemory] Configuration Parameters - Can be set up in boot.config
    "memorysetup-bucket-allocator-granularity=16"
    "memorysetup-bucket-allocator-bucket-count=8"
    "memorysetup-bucket-allocator-block-size=33554432"
    "memorysetup-bucket-allocator-block-count=8"
    "memorysetup-main-allocator-block-size=16777216"
    "memorysetup-thread-allocator-block-size=16777216"
    "memorysetup-gfx-main-allocator-block-size=16777216"
    "memorysetup-gfx-thread-allocator-block-size=16777216"
    "memorysetup-cache-allocator-block-size=4194304"
    "memorysetup-typetree-allocator-block-size=2097152"
    "memorysetup-profiler-bucket-allocator-granularity=16"
    "memorysetup-profiler-bucket-allocator-bucket-count=8"
    "memorysetup-profiler-bucket-allocator-block-size=33554432"
    "memorysetup-profiler-bucket-allocator-block-count=8"
    "memorysetup-profiler-allocator-block-size=16777216"
    "memorysetup-profiler-editor-allocator-block-size=1048576"
    "memorysetup-temp-allocator-size-main=16777216"
    "memorysetup-job-temp-allocator-block-size=2097152"
    "memorysetup-job-temp-allocator-block-size-background=1048576"
    "memorysetup-job-temp-allocator-reduction-small-platforms=262144"
    "memorysetup-temp-allocator-size-background-worker=32768"
    "memorysetup-temp-allocator-size-job-worker=262144"
    "memorysetup-temp-allocator-size-preload-manager=33554432"
    "memorysetup-temp-allocator-size-nav-mesh-worker=65536"
    "memorysetup-temp-allocator-size-audio-worker=65536"
    "memorysetup-temp-allocator-size-cloud-worker=32768"
    "memorysetup-temp-allocator-size-gi-baking-worker=262144"
    "memorysetup-temp-allocator-size-gfx=262144"
Player connection [33268] Host "[IP] 169.254.36.30 [Port] 0 [Flags] 2 [Guid] 711039167 [EditorId] 711039167 [Version] 1048832 [Id] WindowsEditor(7,Lovelace-Win10) [Debug] 1 [PackageName] WindowsEditor [ProjectName] Editor" joined multi-casting on [225.0.0.222:54997]...

Player connection [33268] Host "[IP] 169.254.36.30 [Port] 0 [Flags] 2 [Guid] 711039167 [EditorId] 711039167 [Version] 1048832 [Id] WindowsEditor(7,Lovelace-Win10) [Debug] 1 [PackageName] WindowsEditor [ProjectName] Editor" joined alternative multi-casting on [225.0.0.222:34997]...

Refreshing native plugins compatible for Editor in 104.56 ms, found 3 plugins.
Preloading 0 native plugins for Editor in 0.00 ms.
Initialize engine version: 2021.3.15f1 (e8e88683f834)
[Subsystems] Discovering subsystems at path C:/Program Files/Unity/Hub/Editor/2021.3.15f1/Editor/Data/Resources/UnitySubsystems
[Subsystems] Discovering subsystems at path C:/Users/Katie/Projects/GitHub/EteXPLOaRE/Assets
GfxDevice: creating device client; threaded=0; jobified=0
Direct3D:
    Version:  Direct3D 11.0 [level 11.1]
    Renderer: NVIDIA GeForce RTX 3060 Ti (ID=0x2489)
    Vendor:   NVIDIA
    VRAM:     8050 MB
    Driver:   31.0.15.1694
Initialize mono
Mono path[0] = 'C:/Program Files/Unity/Hub/Editor/2021.3.15f1/Editor/Data/Managed'
Mono path[1] = 'C:/Program Files/Unity/Hub/Editor/2021.3.15f1/Editor/Data/MonoBleedingEdge/lib/mono/unityjit-win32'
Mono config path = 'C:/Program Files/Unity/Hub/Editor/2021.3.15f1/Editor/Data/MonoBleedingEdge/etc'
Using monoOptions --debugger-agent=transport=dt_socket,embedding=1,server=y,suspend=n,address=127.0.0.1:56480
Begin MonoManager ReloadAssembly
Registering precompiled unity dll's ...
Register platform support module: C:/Program Files/Unity/Hub/Editor/2021.3.15f1/Editor/Data/PlaybackEngines/WebGLSupport/UnityEditor.WebGL.Extensions.dll
Register platform support module: C:/Program Files/Unity/Hub/Editor/2021.3.15f1/Editor/Data/PlaybackEngines/AndroidPlayer/UnityEditor.Android.Extensions.dll
Register platform support module: C:/Program Files/Unity/Hub/Editor/2021.3.15f1/Editor/Data/PlaybackEngines/WindowsStandaloneSupport/UnityEditor.WindowsStandalone.Extensions.dll
Register platform support module: C:/Program Files/Unity/Hub/Editor/2021.3.15f1/Editor/Data/PlaybackEngines/LinuxStandaloneSupport/UnityEditor.LinuxStandalone.Extensions.dll
Registered in 0.035922 seconds.
Native extension for LinuxStandalone target not found
Native extension for WindowsStandalone target not found
Native extension for Android target not found
Native extension for WebGL target not found
Refreshing native plugins compatible for Editor in 112.86 ms, found 3 plugins.
Preloading 0 native plugins for Editor in 0.00 ms.
Mono: successfully reloaded assembly
- Completed reload, in  0.905 seconds
Domain Reload Profiling:
	ReloadAssembly (905ms)
		BeginReloadAssembly (169ms)
			ExecutionOrderSort (0ms)
			DisableScriptedObjects (0ms)
			BackupInstance (0ms)
			ReleaseScriptingObjects (0ms)
			CreateAndSetChildDomain (1ms)
		EndReloadAssembly (570ms)
			LoadAssemblies (164ms)
			RebuildTransferFunctionScriptingTraits (0ms)
			SetupTypeCache (110ms)
			ReleaseScriptCaches (0ms)
			RebuildScriptCaches (32ms)
			SetupLoadedEditorAssemblies (365ms)
				LogAssemblyErrors (0ms)
				InitializePlatformSupportModulesInManaged (116ms)
				SetLoadedEditorAssemblies (0ms)
				RefreshPlugins (113ms)
				BeforeProcessingInitializeOnLoad (1ms)
				ProcessInitializeOnLoadAttributes (89ms)
				ProcessInitializeOnLoadMethodAttributes (46ms)
				AfterProcessingInitializeOnLoad (0ms)
				EditorAssembliesLoaded (0ms)
			ExecutionOrderSort2 (0ms)
			AwakeInstancesAfterBackupRestoration (0ms)
Platform modules already initialized, skipping
Registering precompiled user dll's ...
Registered in 0.021950 seconds.
Begin MonoManager ReloadAssembly
Symbol file LoadedFromMemory doesn't match image C:\Users\Katie\Projects\GitHub\EteXPLOaRE\Library\PackageCache\com.unity.visualscripting@1.7.8\Editor\VisualScripting.Core\Dependencies\YamlDotNet\Unity.VisualScripting.YamlDotNet.dll
Symbol file LoadedFromMemory doesn't match image C:\Users\Katie\Projects\GitHub\EteXPLOaRE\Library\PackageCache\com.unity.visualscripting@1.7.8\Editor\VisualScripting.Core\Dependencies\DotNetZip\Unity.VisualScripting.IonicZip.dll
Native extension for LinuxStandalone target not found
Native extension for WindowsStandalone target not found
Native extension for Android target not found
Native extension for WebGL target not found
Refreshing native plugins compatible for Editor in 123.92 ms, found 3 plugins.
Preloading 0 native plugins for Editor in 0.00 ms.
Mono: successfully reloaded assembly
- Completed reload, in  1.805 seconds
Domain Reload Profiling:
	ReloadAssembly (1806ms)
		BeginReloadAssembly (329ms)
			ExecutionOrderSort (0ms)
			DisableScriptedObjects (7ms)
			BackupInstance (0ms)
			ReleaseScriptingObjects (0ms)
			CreateAndSetChildDomain (120ms)
		EndReloadAssembly (1294ms)
			LoadAssemblies (254ms)
			RebuildTransferFunctionScriptingTraits (0ms)
			SetupTypeCache (293ms)
			ReleaseScriptCaches (1ms)
			RebuildScriptCaches (81ms)
			SetupLoadedEditorAssemblies (683ms)
				LogAssemblyErrors (0ms)
				InitializePlatformSupportModulesInManaged (42ms)
				SetLoadedEditorAssemblies (0ms)
				RefreshPlugins (124ms)
				BeforeProcessingInitializeOnLoad (164ms)
				ProcessInitializeOnLoadAttributes (257ms)
				ProcessInitializeOnLoadMethodAttributes (72ms)
				AfterProcessingInitializeOnLoad (24ms)
				EditorAssembliesLoaded (0ms)
			ExecutionOrderSort2 (0ms)
			AwakeInstancesAfterBackupRestoration (6ms)
Platform modules already initialized, skipping
========================================================================
Worker process is ready to serve import requests
Launched and connected shader compiler UnityShaderCompiler.exe after 0.07 seconds
Refreshing native plugins compatible for Editor in 1.19 ms, found 3 plugins.
Preloading 0 native plugins for Editor in 0.00 ms.
Unloading 5481 Unused Serialized files (Serialized files now loaded: 0)
Unloading 35 unused Assets / (0.8 MB). Loaded Objects now: 5941.
Memory consumption went from 219.5 MB to 218.8 MB.
Total: 4.326600 ms (FindLiveObjects: 0.659900 ms CreateObjectMapping: 0.150600 ms MarkObjects: 3.031300 ms  DeleteObjects: 0.483100 ms)

AssetImportParameters requested are different than current active one (requested -> active):
  custom:video-decoder-ogg-theora: a1e56fd34408186e4bbccfd4996cb3dc -> 
  custom:container-muxer-webm: aa71ff27fc2769a1b78a27578f13a17b -> 
  custom:container-demuxer-webm: 4f35f7cbe854078d1ac9338744f61a02 -> 
  custom:video-encoder-webm-vp8: eb34c28f22e8b96e1ab97ce403110664 -> 
  custom:audio-encoder-webm-vorbis: bf7c407c2cedff20999df2af8eb42d56 -> 
  custom:framework-win-MediaFoundation: 216162199b28c13a410421893ffa2e32 -> 
  custom:container-demuxer-ogg: 62fdf1f143b41e24485cea50d1cbac27 -> 
  custom:video-decoder-webm-vp8: 9c59270c3fd7afecdb556c50c9e8de78 -> 
  custom:audio-decoder-ogg-vorbis: bf7c407c2cedff20999df2af8eb42d56 -> 
========================================================================
Received Import Request.
  Time since last request: 170136.131186 seconds.
  path: Assets/MUSIC/Music/music_bytes_the_retro_adventure.wav
  artifactKey: Guid(0c80481c25926b749923cfa2896d27a8) Importer(815301076,1909f56bfc062723c751e8b465ee728b)
Start importing Assets/MUSIC/Music/music_bytes_the_retro_adventure.wav using Guid(0c80481c25926b749923cfa2896d27a8) Importer(815301076,1909f56bfc062723c751e8b465ee728b)  -> (artifact id: 'f75b4666865d0c8204bab191ec51f350') in 0.143990 seconds 
========================================================================
Received Import Request.
  Time since last request: 0.000020 seconds.
  path: Assets/MUSIC/Music/music_harp_peaceful_loop.wav
  artifactKey: Guid(8193f576efcdd3047bf726c4fc55020d) Importer(815301076,1909f56bfc062723c751e8b465ee728b)
Start importing Assets/MUSIC/Music/music_harp_peaceful_loop.wav using Guid(8193f576efcdd3047bf726c4fc55020d) Importer(815301076,1909f56bfc062723c751e8b465ee728b)  -> (artifact id: '1fef76a9968f72475771f51d55dc0527') in 0.027657 seconds 
========================================================================
Received Import Request.
  Time since last request: 0.002506 seconds.
  path: Assets/MUSIC/Music/music_epic_heroes_story.wav
  artifactKey: Guid(88eced1a4dcbe6b499e7c94a2b7c5bd4) Importer(815301076,1909f56bfc062723c751e8b465ee728b)
Start importing Assets/MUSIC/Music/music_epic_heroes_story.wav using Guid(88eced1a4dcbe6b499e7c94a2b7c5bd4) Importer(815301076,1909f56bfc062723c751e8b465ee728b)  -> (artifact id: 'cf19b2df584bccf1661852c7fc435443') in 0.031141 seconds 
========================================================================
Received Import Request.
  Time since last request: 0.000023 seconds.
  path: Assets/MUSIC/Music/music_misty_woods_calling.wav
  artifactKey: Guid(ccf2e2581c0ca0f4c871202c0701b6c9) Importer(815301076,1909f56bfc062723c751e8b465ee728b)
Start importing Assets/MUSIC/Music/music_misty_woods_calling.wav using Guid(ccf2e2581c0ca0f4c871202c0701b6c9) Importer(815301076,1909f56bfc062723c751e8b465ee728b)  -> (artifact id: 'b8a758f9020969d62c9032b4136da0ae') in 0.019568 seconds 
========================================================================
Received Prepare
Registering precompiled user dll's ...
Registered in 0.032486 seconds.
Begin MonoManager ReloadAssembly
Symbol file LoadedFromMemory doesn't match image C:\Users\Katie\Projects\GitHub\EteXPLOaRE\Library\PackageCache\com.unity.visualscripting@1.7.8\Editor\VisualScripting.Core\Dependencies\YamlDotNet\Unity.VisualScripting.YamlDotNet.dll
Symbol file LoadedFromMemory doesn't match image C:\Users\Katie\Projects\GitHub\EteXPLOaRE\Library\PackageCache\com.unity.visualscripting@1.7.8\Editor\VisualScripting.Core\Dependencies\DotNetZip\Unity.VisualScripting.IonicZip.dll
Native extension for LinuxStandalone target not found
Native extension for WindowsStandalone target not found
Native extension for Android target not found
Native extension for WebGL target not found
Refreshing native plugins compatible for Editor in 1.49 ms, found 3 plugins.
Preloading 0 native plugins for Editor in 0.00 ms.
Mono: successfully reloaded assembly
- Completed reload, in  1.644 seconds
Domain Reload Profiling:
	ReloadAssembly (1645ms)
		BeginReloadAssembly (368ms)
			ExecutionOrderSort (0ms)
			DisableScriptedObjects (5ms)
			BackupInstance (0ms)
			ReleaseScriptingObjects (0ms)
			CreateAndSetChildDomain (39ms)
		EndReloadAssembly (1126ms)
			LoadAssemblies (364ms)
			RebuildTransferFunctionScriptingTraits (0ms)
			SetupTypeCache (274ms)
			ReleaseScriptCaches (2ms)
			RebuildScriptCaches (61ms)
			SetupLoadedEditorAssemblies (546ms)
				LogAssemblyErrors (0ms)
				InitializePlatformSupportModulesInManaged (45ms)
				SetLoadedEditorAssemblies (1ms)
				RefreshPlugins (2ms)
				BeforeProcessingInitializeOnLoad (157ms)
				ProcessInitializeOnLoadAttributes (243ms)
				ProcessInitializeOnLoadMethodAttributes (72ms)
				AfterProcessingInitializeOnLoad (27ms)
				EditorAssembliesLoaded (0ms)
			ExecutionOrderSort2 (0ms)
			AwakeInstancesAfterBackupRestoration (14ms)
Platform modules already initialized, skipping
Refreshing native plugins compatible for Editor in 5.57 ms, found 3 plugins.
Preloading 0 native plugins for Editor in 0.00 ms.
Unloading 5325 Unused Serialized files (Serialized files now loaded: 0)
Unloading 28 unused Assets / (0.8 MB). Loaded Objects now: 5955.
Memory consumption went from 211.5 MB to 210.8 MB.
Total: 3.936500 ms (FindLiveObjects: 0.654400 ms CreateObjectMapping: 0.176200 ms MarkObjects: 2.737900 ms  DeleteObjects: 0.367300 ms)

AssetImportParameters requested are different than current active one (requested -> active):
  custom:video-decoder-ogg-theora: a1e56fd34408186e4bbccfd4996cb3dc -> 
  custom:container-muxer-webm: aa71ff27fc2769a1b78a27578f13a17b -> 
  custom:container-demuxer-webm: 4f35f7cbe854078d1ac9338744f61a02 -> 
  custom:video-encoder-webm-vp8: eb34c28f22e8b96e1ab97ce403110664 -> 
  custom:audio-encoder-webm-vorbis: bf7c407c2cedff20999df2af8eb42d56 -> 
  custom:framework-win-MediaFoundation: 216162199b28c13a410421893ffa2e32 -> 
  custom:container-demuxer-ogg: 62fdf1f143b41e24485cea50d1cbac27 -> 
  custom:video-decoder-webm-vp8: 9c59270c3fd7afecdb556c50c9e8de78 -> 
  custom:audio-decoder-ogg-vorbis: bf7c407c2cedff20999df2af8eb42d56 -> 
========================================================================
Received Prepare
Registering precompiled user dll's ...
Registered in 0.015237 seconds.
Begin MonoManager ReloadAssembly
Symbol file LoadedFromMemory doesn't match image C:\Users\Katie\Projects\GitHub\EteXPLOaRE\Library\PackageCache\com.unity.visualscripting@1.7.8\Editor\VisualScripting.Core\Dependencies\YamlDotNet\Unity.VisualScripting.YamlDotNet.dll
Symbol file LoadedFromMemory doesn't match image C:\Users\Katie\Projects\GitHub\EteXPLOaRE\Library\PackageCache\com.unity.visualscripting@1.7.8\Editor\VisualScripting.Core\Dependencies\DotNetZip\Unity.VisualScripting.IonicZip.dll
Native extension for LinuxStandalone target not found
Native extension for WindowsStandalone target not found
Native extension for Android target not found
Native extension for WebGL target not found
Refreshing native plugins compatible for Editor in 1.07 ms, found 3 plugins.
Preloading 0 native plugins for Editor in 0.00 ms.
Mono: successfully reloaded assembly
- Completed reload, in  1.718 seconds
Domain Reload Profiling:
	ReloadAssembly (1719ms)
		BeginReloadAssembly (531ms)
			ExecutionOrderSort (0ms)
			DisableScriptedObjects (5ms)
			BackupInstance (0ms)
			ReleaseScriptingObjects (0ms)
			CreateAndSetChildDomain (46ms)
		EndReloadAssembly (1039ms)
			LoadAssemblies (481ms)
			RebuildTransferFunctionScriptingTraits (0ms)
			SetupTypeCache (297ms)
			ReleaseScriptCaches (2ms)
			RebuildScriptCaches (41ms)
			SetupLoadedEditorAssemblies (492ms)
				LogAssemblyErrors (0ms)
				InitializePlatformSupportModulesInManaged (38ms)
				SetLoadedEditorAssemblies (0ms)
				RefreshPlugins (1ms)
				BeforeProcessingInitializeOnLoad (127ms)
				ProcessInitializeOnLoadAttributes (231ms)
				ProcessInitializeOnLoadMethodAttributes (70ms)
				AfterProcessingInitializeOnLoad (23ms)
				EditorAssembliesLoaded (0ms)
			ExecutionOrderSort2 (0ms)
			AwakeInstancesAfterBackupRestoration (15ms)
Platform modules already initialized, skipping
Refreshing native plugins compatible for Editor in 4.10 ms, found 3 plugins.
Preloading 0 native plugins for Editor in 0.00 ms.
Unloading 5325 Unused Serialized files (Serialized files now loaded: 0)
Unloading 28 unused Assets / (0.7 MB). Loaded Objects now: 5958.
Memory consumption went from 211.5 MB to 210.8 MB.
Total: 4.484400 ms (FindLiveObjects: 0.645400 ms CreateObjectMapping: 0.135200 ms MarkObjects: 3.246500 ms  DeleteObjects: 0.456200 ms)

AssetImportParameters requested are different than current active one (requested -> active):
  custom:video-decoder-ogg-theora: a1e56fd34408186e4bbccfd4996cb3dc -> 
  custom:container-muxer-webm: aa71ff27fc2769a1b78a27578f13a17b -> 
  custom:container-demuxer-webm: 4f35f7cbe854078d1ac9338744f61a02 -> 
  custom:video-encoder-webm-vp8: eb34c28f22e8b96e1ab97ce403110664 -> 
  custom:audio-encoder-webm-vorbis: bf7c407c2cedff20999df2af8eb42d56 -> 
  custom:framework-win-MediaFoundation: 216162199b28c13a410421893ffa2e32 -> 
  custom:container-demuxer-ogg: 62fdf1f143b41e24485cea50d1cbac27 -> 
  custom:video-decoder-webm-vp8: 9c59270c3fd7afecdb556c50c9e8de78 -> 
  custom:audio-decoder-ogg-vorbis: bf7c407c2cedff20999df2af8eb42d56 -> 
========================================================================
Received Import Request.
  Time since last request: 107.957144 seconds.
  path: Assets/MUSIC/Effects/music_sting_short_groovy_flute_02.wav
  artifactKey: Guid(c65f2c078ca4f55449a4e1dfea0c0d57) Importer(815301076,1909f56bfc062723c751e8b465ee728b)
Start importing Assets/MUSIC/Effects/music_sting_short_groovy_flute_02.wav using Guid(c65f2c078ca4f55449a4e1dfea0c0d57) Importer(815301076,1909f56bfc062723c751e8b465ee728b)  -> (artifact id: '70b0e8de66da930c6b749c231b9e32d3') in 0.067203 seconds 
========================================================================
Received Import Request.
  Time since last request: 0.000024 seconds.
  path: Assets/MUSIC/Effects/music_sting_short_groovy_flute_03.wav
  artifactKey: Guid(2346c92d484437d488c80ef2088b508a) Importer(815301076,1909f56bfc062723c751e8b465ee728b)
Start importing Assets/MUSIC/Effects/music_sting_short_groovy_flute_03.wav using Guid(2346c92d484437d488c80ef2088b508a) Importer(815301076,1909f56bfc062723c751e8b465ee728b)  -> (artifact id: '5cdb42b5c48b37ecf4a00ff24db886dd') in 0.067839 seconds 
========================================================================
Received Prepare
Registering precompiled user dll's ...
Registered in 0.017420 seconds.
Begin MonoManager ReloadAssembly
Symbol file LoadedFromMemory doesn't match image C:\Users\Katie\Projects\GitHub\EteXPLOaRE\Library\PackageCache\com.unity.visualscripting@1.7.8\Editor\VisualScripting.Core\Dependencies\YamlDotNet\Unity.VisualScripting.YamlDotNet.dll
Symbol file LoadedFromMemory doesn't match image C:\Users\Katie\Projects\GitHub\EteXPLOaRE\Library\PackageCache\com.unity.visualscripting@1.7.8\Editor\VisualScripting.Core\Dependencies\DotNetZip\Unity.VisualScripting.IonicZip.dll
Native extension for LinuxStandalone target not found
Native extension for WindowsStandalone target not found
Native extension for Android target not found
Native extension for WebGL target not found
Refreshing native plugins compatible for Editor in 1.72 ms, found 3 plugins.
Preloading 0 native plugins for Editor in 0.00 ms.
Mono: successfully reloaded assembly
- Completed reload, in  1.393 seconds
Domain Reload Profiling:
	ReloadAssembly (1394ms)
		BeginReloadAssembly (223ms)
			ExecutionOrderSort (0ms)
			DisableScriptedObjects (4ms)
			BackupInstance (0ms)
			ReleaseScriptingObjects (0ms)
			CreateAndSetChildDomain (38ms)
		EndReloadAssembly (1048ms)
			LoadAssemblies (212ms)
			RebuildTransferFunctionScriptingTraits (0ms)
			SetupTypeCache (258ms)
			ReleaseScriptCaches (2ms)
			RebuildScriptCaches (51ms)
			SetupLoadedEditorAssemblies (514ms)
				LogAssemblyErrors (0ms)
				InitializePlatformSupportModulesInManaged (44ms)
				SetLoadedEditorAssemblies (1ms)
				RefreshPlugins (2ms)
				BeforeProcessingInitializeOnLoad (149ms)
				ProcessInitializeOnLoadAttributes (221ms)
				ProcessInitializeOnLoadMethodAttributes (69ms)
				AfterProcessingInitializeOnLoad (28ms)
				EditorAssembliesLoaded (0ms)
			ExecutionOrderSort2 (0ms)
			AwakeInstancesAfterBackupRestoration (24ms)
Platform modules already initialized, skipping
Refreshing native plugins compatible for Editor in 3.17 ms, found 3 plugins.
Preloading 0 native plugins for Editor in 0.00 ms.
Unloading 5325 Unused Serialized files (Serialized files now loaded: 0)
Unloading 28 unused Assets / (0.7 MB). Loaded Objects now: 5961.
Memory consumption went from 211.5 MB to 210.8 MB.
Total: 3.888900 ms (FindLiveObjects: 0.513100 ms CreateObjectMapping: 0.144400 ms MarkObjects: 2.816200 ms  DeleteObjects: 0.414000 ms)

AssetImportParameters requested are different than current active one (requested -> active):
  custom:video-decoder-ogg-theora: a1e56fd34408186e4bbccfd4996cb3dc -> 
  custom:container-muxer-webm: aa71ff27fc2769a1b78a27578f13a17b -> 
  custom:container-demuxer-webm: 4f35f7cbe854078d1ac9338744f61a02 -> 
  custom:video-encoder-webm-vp8: eb34c28f22e8b96e1ab97ce403110664 -> 
  custom:audio-encoder-webm-vorbis: bf7c407c2cedff20999df2af8eb42d56 -> 
  custom:framework-win-MediaFoundation: 216162199b28c13a410421893ffa2e32 -> 
  custom:container-demuxer-ogg: 62fdf1f143b41e24485cea50d1cbac27 -> 
  custom:video-decoder-webm-vp8: 9c59270c3fd7afecdb556c50c9e8de78 -> 
  custom:audio-decoder-ogg-vorbis: bf7c407c2cedff20999df2af8eb42d56 -> 
========================================================================
Received Prepare
Registering precompiled user dll's ...
Registered in 0.014596 seconds.
Begin MonoManager ReloadAssembly
Symbol file LoadedFromMemory doesn't match image C:\Users\Katie\Projects\GitHub\EteXPLOaRE\Library\PackageCache\com.unity.visualscripting@1.7.8\Editor\VisualScripting.Core\Dependencies\YamlDotNet\Unity.VisualScripting.YamlDotNet.dll
Symbol file LoadedFromMemory doesn't match image C:\Users\Katie\Projects\GitHub\EteXPLOaRE\Library\PackageCache\com.unity.visualscripting@1.7.8\Editor\VisualScripting.Core\Dependencies\DotNetZip\Unity.VisualScripting.IonicZip.dll
Native extension for LinuxStandalone target not found
Native extension for WindowsStandalone target not found
Native extension for Android target not found
Native extension for WebGL target not found
Refreshing native plugins compatible for Editor in 1.02 ms, found 3 plugins.
Preloading 0 native plugins for Editor in 0.00 ms.
Mono: successfully reloaded assembly
- Completed reload, in  1.298 seconds
Domain Reload Profiling:
	ReloadAssembly (1299ms)
		BeginReloadAssembly (231ms)
			ExecutionOrderSort (0ms)
			DisableScriptedObjects (5ms)
			BackupInstance (0ms)
			ReleaseScriptingObjects (0ms)
			CreateAndSetChildDomain (35ms)
		EndReloadAssembly (941ms)
			LoadAssemblies (211ms)
			RebuildTransferFunctionScriptingTraits (0ms)
			SetupTypeCache (259ms)
			ReleaseScriptCaches (2ms)
			RebuildScriptCaches (38ms)
			SetupLoadedEditorAssemblies (446ms)
				LogAssemblyErrors (0ms)
				InitializePlatformSupportModulesInManaged (37ms)
				SetLoadedEditorAssemblies (0ms)
				RefreshPlugins (1ms)
				BeforeProcessingInitializeOnLoad (125ms)
				ProcessInitializeOnLoadAttributes (198ms)
				ProcessInitializeOnLoadMethodAttributes (65ms)
				AfterProcessingInitializeOnLoad (20ms)
				EditorAssembliesLoaded (0ms)
			ExecutionOrderSort2 (0ms)
			AwakeInstancesAfterBackupRestoration (15ms)
Platform modules already initialized, skipping
Refreshing native plugins compatible for Editor in 3.15 ms, found 3 plugins.
Preloading 0 native plugins for Editor in 0.00 ms.
Unloading 5325 Unused Serialized files (Serialized files now loaded: 0)
Unloading 28 unused Assets / (0.8 MB). Loaded Objects now: 5964.
Memory consumption went from 211.6 MB to 210.8 MB.
Total: 3.608300 ms (FindLiveObjects: 0.501600 ms CreateObjectMapping: 0.153800 ms MarkObjects: 2.555100 ms  DeleteObjects: 0.397000 ms)

AssetImportParameters requested are different than current active one (requested -> active):
  custom:video-decoder-ogg-theora: a1e56fd34408186e4bbccfd4996cb3dc -> 
  custom:container-muxer-webm: aa71ff27fc2769a1b78a27578f13a17b -> 
  custom:container-demuxer-webm: 4f35f7cbe854078d1ac9338744f61a02 -> 
  custom:video-encoder-webm-vp8: eb34c28f22e8b96e1ab97ce403110664 -> 
  custom:audio-encoder-webm-vorbis: bf7c407c2cedff20999df2af8eb42d56 -> 
  custom:framework-win-MediaFoundation: 216162199b28c13a410421893ffa2e32 -> 
  custom:container-demuxer-ogg: 62fdf1f143b41e24485cea50d1cbac27 -> 
  custom:video-decoder-webm-vp8: 9c59270c3fd7afecdb556c50c9e8de78 -> 
  custom:audio-decoder-ogg-vorbis: bf7c407c2cedff20999df2af8eb42d56 -> 
========================================================================
Received Prepare
Registering precompiled user dll's ...
Registered in 0.017527 seconds.
Begin MonoManager ReloadAssembly
Symbol file LoadedFromMemory doesn't match image C:\Users\Katie\Projects\GitHub\EteXPLOaRE\Library\PackageCache\com.unity.visualscripting@1.7.8\Editor\VisualScripting.Core\Dependencies\YamlDotNet\Unity.VisualScripting.YamlDotNet.dll
Symbol file LoadedFromMemory doesn't match image C:\Users\Katie\Projects\GitHub\EteXPLOaRE\Library\PackageCache\com.unity.visualscripting@1.7.8\Editor\VisualScripting.Core\Dependencies\DotNetZip\Unity.VisualScripting.IonicZip.dll
Native extension for LinuxStandalone target not found
Native extension for WindowsStandalone target not found
Native extension for Android target not found
Native extension for WebGL target not found
Refreshing native plugins compatible for Editor in 1.16 ms, found 3 plugins.
Preloading 0 native plugins for Editor in 0.00 ms.
Mono: successfully reloaded assembly
- Completed reload, in  1.456 seconds
Domain Reload Profiling:
	ReloadAssembly (1457ms)
		BeginReloadAssembly (254ms)
			ExecutionOrderSort (0ms)
			DisableScriptedObjects (5ms)
			BackupInstance (0ms)
			ReleaseScriptingObjects (0ms)
			CreateAndSetChildDomain (43ms)
		EndReloadAssembly (1064ms)
			LoadAssemblies (230ms)
			RebuildTransferFunctionScriptingTraits (0ms)
			SetupTypeCache (288ms)
			ReleaseScriptCaches (3ms)
			RebuildScriptCaches (47ms)
			SetupLoadedEditorAssemblies (498ms)
				LogAssemblyErrors (0ms)
				InitializePlatformSupportModulesInManaged (40ms)
				SetLoadedEditorAssemblies (0ms)
				RefreshPlugins (1ms)
				BeforeProcessingInitializeOnLoad (129ms)
				ProcessInitializeOnLoadAttributes (224ms)
				ProcessInitializeOnLoadMethodAttributes (78ms)
				AfterProcessingInitializeOnLoad (25ms)
				EditorAssembliesLoaded (0ms)
			ExecutionOrderSort2 (0ms)
			AwakeInstancesAfterBackupRestoration (20ms)
Platform modules already initialized, skipping
Refreshing native plugins compatible for Editor in 4.11 ms, found 3 plugins.
Preloading 0 native plugins for Editor in 0.00 ms.
Unloading 5325 Unused Serialized files (Serialized files now loaded: 0)
Unloading 28 unused Assets / (0.7 MB). Loaded Objects now: 5967.
Memory consumption went from 211.6 MB to 210.8 MB.
Total: 5.034700 ms (FindLiveObjects: 0.597500 ms CreateObjectMapping: 0.331700 ms MarkObjects: 3.473500 ms  DeleteObjects: 0.630200 ms)

AssetImportParameters requested are different than current active one (requested -> active):
  custom:video-decoder-ogg-theora: a1e56fd34408186e4bbccfd4996cb3dc -> 
  custom:container-muxer-webm: aa71ff27fc2769a1b78a27578f13a17b -> 
  custom:container-demuxer-webm: 4f35f7cbe854078d1ac9338744f61a02 -> 
  custom:video-encoder-webm-vp8: eb34c28f22e8b96e1ab97ce403110664 -> 
  custom:audio-encoder-webm-vorbis: bf7c407c2cedff20999df2af8eb42d56 -> 
  custom:framework-win-MediaFoundation: 216162199b28c13a410421893ffa2e32 -> 
  custom:container-demuxer-ogg: 62fdf1f143b41e24485cea50d1cbac27 -> 
  custom:video-decoder-webm-vp8: 9c59270c3fd7afecdb556c50c9e8de78 -> 
  custom:audio-decoder-ogg-vorbis: bf7c407c2cedff20999df2af8eb42d56 -> 
========================================================================
Received Prepare
Registering precompiled user dll's ...
Registered in 0.015585 seconds.
Begin MonoManager ReloadAssembly
Symbol file LoadedFromMemory doesn't match image C:\Users\Katie\Projects\GitHub\EteXPLOaRE\Library\PackageCache\com.unity.visualscripting@1.7.8\Editor\VisualScripting.Core\Dependencies\YamlDotNet\Unity.VisualScripting.YamlDotNet.dll
Symbol file LoadedFromMemory doesn't match image C:\Users\Katie\Projects\GitHub\EteXPLOaRE\Library\PackageCache\com.unity.visualscripting@1.7.8\Editor\VisualScripting.Core\Dependencies\DotNetZip\Unity.VisualScripting.IonicZip.dll
Native extension for LinuxStandalone target not found
Native extension for WindowsStandalone target not found
Native extension for Android target not found
Native extension for WebGL target not found
Refreshing native plugins compatible for Editor in 1.08 ms, found 3 plugins.
Preloading 0 native plugins for Editor in 0.00 ms.
Mono: successfully reloaded assembly
- Completed reload, in  1.440 seconds
Domain Reload Profiling:
	ReloadAssembly (1441ms)
		BeginReloadAssembly (253ms)
			ExecutionOrderSort (0ms)
			DisableScriptedObjects (5ms)
			BackupInstance (0ms)
			ReleaseScriptingObjects (0ms)
			CreateAndSetChildDomain (41ms)
		EndReloadAssembly (1049ms)
			LoadAssemblies (234ms)
			RebuildTransferFunctionScriptingTraits (0ms)
			SetupTypeCache (285ms)
			ReleaseScriptCaches (3ms)
			RebuildScriptCaches (53ms)
			SetupLoadedEditorAssemblies (500ms)
				LogAssemblyErrors (0ms)
				InitializePlatformSupportModulesInManaged (39ms)
				SetLoadedEditorAssemblies (0ms)
				RefreshPlugins (1ms)
				BeforeProcessingInitializeOnLoad (133ms)
				ProcessInitializeOnLoadAttributes (225ms)
				ProcessInitializeOnLoadMethodAttributes (80ms)
				AfterProcessingInitializeOnLoad (21ms)
				EditorAssembliesLoaded (0ms)
			ExecutionOrderSort2 (0ms)
			AwakeInstancesAfterBackupRestoration (16ms)
Platform modules already initialized, skipping
Refreshing native plugins compatible for Editor in 4.24 ms, found 3 plugins.
Preloading 0 native plugins for Editor in 0.00 ms.
Unloading 5325 Unused Serialized files (Serialized files now loaded: 0)
Unloading 28 unused Assets / (0.8 MB). Loaded Objects now: 5970.
Memory consumption went from 211.6 MB to 210.8 MB.
Total: 5.537600 ms (FindLiveObjects: 0.688700 ms CreateObjectMapping: 0.209800 ms MarkObjects: 4.060500 ms  DeleteObjects: 0.577000 ms)

AssetImportParameters requested are different than current active one (requested -> active):
  custom:video-decoder-ogg-theora: a1e56fd34408186e4bbccfd4996cb3dc -> 
  custom:container-muxer-webm: aa71ff27fc2769a1b78a27578f13a17b -> 
  custom:container-demuxer-webm: 4f35f7cbe854078d1ac9338744f61a02 -> 
  custom:video-encoder-webm-vp8: eb34c28f22e8b96e1ab97ce403110664 -> 
  custom:audio-encoder-webm-vorbis: bf7c407c2cedff20999df2af8eb42d56 -> 
  custom:framework-win-MediaFoundation: 216162199b28c13a410421893ffa2e32 -> 
  custom:container-demuxer-ogg: 62fdf1f143b41e24485cea50d1cbac27 -> 
  custom:video-decoder-webm-vp8: 9c59270c3fd7afecdb556c50c9e8de78 -> 
  custom:audio-decoder-ogg-vorbis: bf7c407c2cedff20999df2af8eb42d56 -> 
========================================================================
Received Prepare
Registering precompiled user dll's ...
Registered in 0.018445 seconds.
Begin MonoManager ReloadAssembly
Symbol file LoadedFromMemory doesn't match image C:\Users\Katie\Projects\GitHub\EteXPLOaRE\Library\PackageCache\com.unity.visualscripting@1.7.8\Editor\VisualScripting.Core\Dependencies\YamlDotNet\Unity.VisualScripting.YamlDotNet.dll
Symbol file LoadedFromMemory doesn't match image C:\Users\Katie\Projects\GitHub\EteXPLOaRE\Library\PackageCache\com.unity.visualscripting@1.7.8\Editor\VisualScripting.Core\Dependencies\DotNetZip\Unity.VisualScripting.IonicZip.dll
Native extension for LinuxStandalone target not found
Native extension for WindowsStandalone target not found
Native extension for Android target not found
Native extension for WebGL target not found
Refreshing native plugins compatible for Editor in 1.03 ms, found 3 plugins.
Preloading 0 native plugins for Editor in 0.00 ms.
Mono: successfully reloaded assembly
- Completed reload, in  1.302 seconds
Domain Reload Profiling:
	ReloadAssembly (1303ms)
		BeginReloadAssembly (227ms)
			ExecutionOrderSort (0ms)
			DisableScriptedObjects (4ms)
			BackupInstance (0ms)
			ReleaseScriptingObjects (0ms)
			CreateAndSetChildDomain (39ms)
		EndReloadAssembly (945ms)
			LoadAssemblies (208ms)
			RebuildTransferFunctionScriptingTraits (0ms)
			SetupTypeCache (250ms)
			ReleaseScriptCaches (2ms)
			RebuildScriptCaches (43ms)
			SetupLoadedEditorAssemblies (460ms)
				LogAssemblyErrors (0ms)
				InitializePlatformSupportModulesInManaged (34ms)
				SetLoadedEditorAssemblies (0ms)
				RefreshPlugins (1ms)
				BeforeProcessingInitializeOnLoad (127ms)
				ProcessInitializeOnLoadAttributes (208ms)
				ProcessInitializeOnLoadMethodAttributes (69ms)
				AfterProcessingInitializeOnLoad (20ms)
				EditorAssembliesLoaded (0ms)
			ExecutionOrderSort2 (0ms)
			AwakeInstancesAfterBackupRestoration (13ms)
Platform modules already initialized, skipping
Refreshing native plugins compatible for Editor in 3.17 ms, found 3 plugins.
Preloading 0 native plugins for Editor in 0.00 ms.
Unloading 5325 Unused Serialized files (Serialized files now loaded: 0)
Unloading 28 unused Assets / (0.7 MB). Loaded Objects now: 5973.
Memory consumption went from 211.6 MB to 210.8 MB.
Total: 3.902300 ms (FindLiveObjects: 0.587400 ms CreateObjectMapping: 0.163200 ms MarkObjects: 2.768100 ms  DeleteObjects: 0.382800 ms)

AssetImportParameters requested are different than current active one (requested -> active):
  custom:video-decoder-ogg-theora: a1e56fd34408186e4bbccfd4996cb3dc -> 
  custom:container-muxer-webm: aa71ff27fc2769a1b78a27578f13a17b -> 
  custom:container-demuxer-webm: 4f35f7cbe854078d1ac9338744f61a02 -> 
  custom:video-encoder-webm-vp8: eb34c28f22e8b96e1ab97ce403110664 -> 
  custom:audio-encoder-webm-vorbis: bf7c407c2cedff20999df2af8eb42d56 -> 
  custom:framework-win-MediaFoundation: 216162199b28c13a410421893ffa2e32 -> 
  custom:container-demuxer-ogg: 62fdf1f143b41e24485cea50d1cbac27 -> 
  custom:video-decoder-webm-vp8: 9c59270c3fd7afecdb556c50c9e8de78 -> 
  custom:audio-decoder-ogg-vorbis: bf7c407c2cedff20999df2af8eb42d56 -> 
========================================================================
Received Prepare
Registering precompiled user dll's ...
Registered in 0.016725 seconds.
Begin MonoManager ReloadAssembly
Symbol file LoadedFromMemory doesn't match image C:\Users\Katie\Projects\GitHub\EteXPLOaRE\Library\PackageCache\com.unity.visualscripting@1.7.8\Editor\VisualScripting.Core\Dependencies\YamlDotNet\Unity.VisualScripting.YamlDotNet.dll
Symbol file LoadedFromMemory doesn't match image C:\Users\Katie\Projects\GitHub\EteXPLOaRE\Library\PackageCache\com.unity.visualscripting@1.7.8\Editor\VisualScripting.Core\Dependencies\DotNetZip\Unity.VisualScripting.IonicZip.dll
Native extension for LinuxStandalone target not found
Native extension for WindowsStandalone target not found
Native extension for Android target not found
Native extension for WebGL target not found
Refreshing native plugins compatible for Editor in 1.17 ms, found 3 plugins.
Preloading 0 native plugins for Editor in 0.00 ms.
Mono: successfully reloaded assembly
- Completed reload, in  1.471 seconds
Domain Reload Profiling:
	ReloadAssembly (1472ms)
		BeginReloadAssembly (258ms)
			ExecutionOrderSort (0ms)
			DisableScriptedObjects (5ms)
			BackupInstance (0ms)
			ReleaseScriptingObjects (0ms)
			CreateAndSetChildDomain (42ms)
		EndReloadAssembly (1068ms)
			LoadAssemblies (243ms)
			RebuildTransferFunctionScriptingTraits (0ms)
			SetupTypeCache (290ms)
			ReleaseScriptCaches (2ms)
			RebuildScriptCaches (46ms)
			SetupLoadedEditorAssemblies (507ms)
				LogAssemblyErrors (0ms)
				InitializePlatformSupportModulesInManaged (40ms)
				SetLoadedEditorAssemblies (0ms)
				RefreshPlugins (1ms)
				BeforeProcessingInitializeOnLoad (132ms)
				ProcessInitializeOnLoadAttributes (237ms)
				ProcessInitializeOnLoadMethodAttributes (75ms)
				AfterProcessingInitializeOnLoad (21ms)
				EditorAssembliesLoaded (0ms)
			ExecutionOrderSort2 (0ms)
			AwakeInstancesAfterBackupRestoration (15ms)
Platform modules already initialized, skipping
Refreshing native plugins compatible for Editor in 3.43 ms, found 3 plugins.
Preloading 0 native plugins for Editor in 0.00 ms.
Unloading 5325 Unused Serialized files (Serialized files now loaded: 0)
Unloading 28 unused Assets / (0.8 MB). Loaded Objects now: 5976.
Memory consumption went from 211.6 MB to 210.8 MB.
Total: 4.088600 ms (FindLiveObjects: 0.529300 ms CreateObjectMapping: 0.133900 ms MarkObjects: 2.969500 ms  DeleteObjects: 0.454500 ms)

AssetImportParameters requested are different than current active one (requested -> active):
  custom:video-decoder-ogg-theora: a1e56fd34408186e4bbccfd4996cb3dc -> 
  custom:container-muxer-webm: aa71ff27fc2769a1b78a27578f13a17b -> 
  custom:container-demuxer-webm: 4f35f7cbe854078d1ac9338744f61a02 -> 
  custom:video-encoder-webm-vp8: eb34c28f22e8b96e1ab97ce403110664 -> 
  custom:audio-encoder-webm-vorbis: bf7c407c2cedff20999df2af8eb42d56 -> 
  custom:framework-win-MediaFoundation: 216162199b28c13a410421893ffa2e32 -> 
  custom:container-demuxer-ogg: 62fdf1f143b41e24485cea50d1cbac27 -> 
  custom:video-decoder-webm-vp8: 9c59270c3fd7afecdb556c50c9e8de78 -> 
  custom:audio-decoder-ogg-vorbis: bf7c407c2cedff20999df2af8eb42d56 -> 
========================================================================
Received Prepare
Registering precompiled user dll's ...
Registered in 0.017896 seconds.
Begin MonoManager ReloadAssembly
Symbol file LoadedFromMemory doesn't match image C:\Users\Katie\Projects\GitHub\EteXPLOaRE\Library\PackageCache\com.unity.visualscripting@1.7.8\Editor\VisualScripting.Core\Dependencies\YamlDotNet\Unity.VisualScripting.YamlDotNet.dll
Symbol file LoadedFromMemory doesn't match image C:\Users\Katie\Projects\GitHub\EteXPLOaRE\Library\PackageCache\com.unity.visualscripting@1.7.8\Editor\VisualScripting.Core\Dependencies\DotNetZip\Unity.VisualScripting.IonicZip.dll
Native extension for LinuxStandalone target not found
Native extension for WindowsStandalone target not found
Native extension for Android target not found
Native extension for WebGL target not found
Refreshing native plugins compatible for Editor in 1.03 ms, found 3 plugins.
Preloading 0 native plugins for Editor in 0.00 ms.
Mono: successfully reloaded assembly
- Completed reload, in  1.304 seconds
Domain Reload Profiling:
	ReloadAssembly (1305ms)
		BeginReloadAssembly (219ms)
			ExecutionOrderSort (0ms)
			DisableScriptedObjects (5ms)
			BackupInstance (0ms)
			ReleaseScriptingObjects (0ms)
			CreateAndSetChildDomain (35ms)
		EndReloadAssembly (959ms)
			LoadAssemblies (204ms)
			RebuildTransferFunctionScriptingTraits (0ms)
			SetupTypeCache (261ms)
			ReleaseScriptCaches (3ms)
			RebuildScriptCaches (44ms)
			SetupLoadedEditorAssemblies (450ms)
				LogAssemblyErrors (0ms)
				InitializePlatformSupportModulesInManaged (35ms)
				SetLoadedEditorAssemblies (0ms)
				RefreshPlugins (1ms)
				BeforeProcessingInitializeOnLoad (124ms)
				ProcessInitializeOnLoadAttributes (195ms)
				ProcessInitializeOnLoadMethodAttributes (73ms)
				AfterProcessingInitializeOnLoad (22ms)
				EditorAssembliesLoaded (0ms)
			ExecutionOrderSort2 (0ms)
			AwakeInstancesAfterBackupRestoration (14ms)
Platform modules already initialized, skipping
Refreshing native plugins compatible for Editor in 3.25 ms, found 3 plugins.
Preloading 0 native plugins for Editor in 0.00 ms.
Unloading 5325 Unused Serialized files (Serialized files now loaded: 0)
Unloading 28 unused Assets / (0.7 MB). Loaded Objects now: 5979.
Memory consumption went from 211.8 MB to 211.1 MB.
Total: 3.999900 ms (FindLiveObjects: 0.547000 ms CreateObjectMapping: 0.147500 ms MarkObjects: 2.872400 ms  DeleteObjects: 0.432100 ms)

AssetImportParameters requested are different than current active one (requested -> active):
  custom:video-decoder-ogg-theora: a1e56fd34408186e4bbccfd4996cb3dc -> 
  custom:container-muxer-webm: aa71ff27fc2769a1b78a27578f13a17b -> 
  custom:container-demuxer-webm: 4f35f7cbe854078d1ac9338744f61a02 -> 
  custom:video-encoder-webm-vp8: eb34c28f22e8b96e1ab97ce403110664 -> 
  custom:audio-encoder-webm-vorbis: bf7c407c2cedff20999df2af8eb42d56 -> 
  custom:framework-win-MediaFoundation: 216162199b28c13a410421893ffa2e32 -> 
  custom:container-demuxer-ogg: 62fdf1f143b41e24485cea50d1cbac27 -> 
  custom:video-decoder-webm-vp8: 9c59270c3fd7afecdb556c50c9e8de78 -> 
  custom:audio-decoder-ogg-vorbis: bf7c407c2cedff20999df2af8eb42d56 -> 
========================================================================
Received Prepare
Registering precompiled user dll's ...
Registered in 0.015673 seconds.
Begin MonoManager ReloadAssembly
Symbol file LoadedFromMemory doesn't match image C:\Users\Katie\Projects\GitHub\EteXPLOaRE\Library\PackageCache\com.unity.visualscripting@1.7.8\Editor\VisualScripting.Core\Dependencies\YamlDotNet\Unity.VisualScripting.YamlDotNet.dll
Symbol file LoadedFromMemory doesn't match image C:\Users\Katie\Projects\GitHub\EteXPLOaRE\Library\PackageCache\com.unity.visualscripting@1.7.8\Editor\VisualScripting.Core\Dependencies\DotNetZip\Unity.VisualScripting.IonicZip.dll
Native extension for LinuxStandalone target not found
Native extension for WindowsStandalone target not found
Native extension for Android target not found
Native extension for WebGL target not found
Refreshing native plugins compatible for Editor in 1.17 ms, found 3 plugins.
Preloading 0 native plugins for Editor in 0.00 ms.
Mono: successfully reloaded assembly
- Completed reload, in  1.339 seconds
Domain Reload Profiling:
	ReloadAssembly (1339ms)
		BeginReloadAssembly (234ms)
			ExecutionOrderSort (0ms)
			DisableScriptedObjects (6ms)
			BackupInstance (0ms)
			ReleaseScriptingObjects (0ms)
			CreateAndSetChildDomain (37ms)
		EndReloadAssembly (980ms)
			LoadAssemblies (218ms)
			RebuildTransferFunctionScriptingTraits (0ms)
			SetupTypeCache (270ms)
			ReleaseScriptCaches (2ms)
			RebuildScriptCaches (41ms)
			SetupLoadedEditorAssemblies (467ms)
				LogAssemblyErrors (0ms)
				InitializePlatformSupportModulesInManaged (36ms)
				SetLoadedEditorAssemblies (0ms)
				RefreshPlugins (1ms)
				BeforeProcessingInitializeOnLoad (130ms)
				ProcessInitializeOnLoadAttributes (207ms)
				ProcessInitializeOnLoadMethodAttributes (68ms)
				AfterProcessingInitializeOnLoad (25ms)
				EditorAssembliesLoaded (0ms)
			ExecutionOrderSort2 (0ms)
			AwakeInstancesAfterBackupRestoration (14ms)
Platform modules already initialized, skipping
Refreshing native plugins compatible for Editor in 3.20 ms, found 3 plugins.
Preloading 0 native plugins for Editor in 0.00 ms.
Unloading 5326 Unused Serialized files (Serialized files now loaded: 0)
Unloading 28 unused Assets / (0.7 MB). Loaded Objects now: 5983.
Memory consumption went from 211.8 MB to 211.1 MB.
Total: 3.651900 ms (FindLiveObjects: 0.453500 ms CreateObjectMapping: 0.143800 ms MarkObjects: 2.620900 ms  DeleteObjects: 0.432900 ms)

AssetImportParameters requested are different than current active one (requested -> active):
  custom:video-decoder-ogg-theora: a1e56fd34408186e4bbccfd4996cb3dc -> 
  custom:container-muxer-webm: aa71ff27fc2769a1b78a27578f13a17b -> 
  custom:container-demuxer-webm: 4f35f7cbe854078d1ac9338744f61a02 -> 
  custom:video-encoder-webm-vp8: eb34c28f22e8b96e1ab97ce403110664 -> 
  custom:audio-encoder-webm-vorbis: bf7c407c2cedff20999df2af8eb42d56 -> 
  custom:framework-win-MediaFoundation: 216162199b28c13a410421893ffa2e32 -> 
  custom:container-demuxer-ogg: 62fdf1f143b41e24485cea50d1cbac27 -> 
  custom:video-decoder-webm-vp8: 9c59270c3fd7afecdb556c50c9e8de78 -> 
  custom:audio-decoder-ogg-vorbis: bf7c407c2cedff20999df2af8eb42d56 -> 
========================================================================
Received Import Request.
  Time since last request: 1158.812500 seconds.
  path: Assets/Actors/Objects/Factory.prefab
  artifactKey: Guid(4d3f9b68d914b3e409585289058e4bfe) Importer(815301076,1909f56bfc062723c751e8b465ee728b)
Start importing Assets/Actors/Objects/Factory.prefab using Guid(4d3f9b68d914b3e409585289058e4bfe) Importer(815301076,1909f56bfc062723c751e8b465ee728b)  -> (artifact id: '564ab68524dcfdddb28ede53ea46a5f2') in 0.314245 seconds 
========================================================================
Received Import Request.
  Time since last request: 11.722576 seconds.
  path: Assets/Actors/Objects/Object.prefab
  artifactKey: Guid(d601ca78fcad3254ebe95269dc102a90) Importer(815301076,1909f56bfc062723c751e8b465ee728b)
Start importing Assets/Actors/Objects/Object.prefab using Guid(d601ca78fcad3254ebe95269dc102a90) Importer(815301076,1909f56bfc062723c751e8b465ee728b)  -> (artifact id: 'ce9857dd85daeeee0ac25dfccfde4a27') in 0.042584 seconds 
========================================================================
Received Import Request.
  Time since last request: 0.000032 seconds.
  path: Assets/Actors/Objects/RawResourceExtractor.prefab
  artifactKey: Guid(f8f6341176e54c146863210c56d27265) Importer(815301076,1909f56bfc062723c751e8b465ee728b)
Start importing Assets/Actors/Objects/RawResourceExtractor.prefab using Guid(f8f6341176e54c146863210c56d27265) Importer(815301076,1909f56bfc062723c751e8b465ee728b)  -> (artifact id: 'febb28440c471567bf813b44c5d826a6') in 0.079806 seconds 
========================================================================
Received Import Request.
  Time since last request: 5.457032 seconds.
  path: Assets/Actors/Objects/Object.prefab
  artifactKey: Guid(d601ca78fcad3254ebe95269dc102a90) Importer(815301076,1909f56bfc062723c751e8b465ee728b)
Start importing Assets/Actors/Objects/Object.prefab using Guid(d601ca78fcad3254ebe95269dc102a90) Importer(815301076,1909f56bfc062723c751e8b465ee728b)  -> (artifact id: 'a40ff55b89dce888b077a592f48544cc') in 0.048916 seconds 
========================================================================
Received Import Request.
  Time since last request: 0.000027 seconds.
  path: Assets/Actors/Objects/Rocket.prefab
  artifactKey: Guid(f8e8f86d7f96d6f44a70ac9200c9ee43) Importer(815301076,1909f56bfc062723c751e8b465ee728b)
Start importing Assets/Actors/Objects/Rocket.prefab using Guid(f8e8f86d7f96d6f44a70ac9200c9ee43) Importer(815301076,1909f56bfc062723c751e8b465ee728b)  -> (artifact id: 'cd16fd4c4cdbafee757a17f72f6bef95') in 0.073448 seconds 
========================================================================
Received Import Request.
  Time since last request: 4.712501 seconds.
  path: Assets/Actors/Objects/Object.prefab
  artifactKey: Guid(d601ca78fcad3254ebe95269dc102a90) Importer(815301076,1909f56bfc062723c751e8b465ee728b)
Start importing Assets/Actors/Objects/Object.prefab using Guid(d601ca78fcad3254ebe95269dc102a90) Importer(815301076,1909f56bfc062723c751e8b465ee728b)  -> (artifact id: 'd95ba761fd198d9cb9b48af90f94e0db') in 0.045533 seconds 
========================================================================
Received Import Request.
  Time since last request: 0.000035 seconds.
  path: Assets/Actors/Objects/RawResourceExtractor.prefab
  artifactKey: Guid(f8f6341176e54c146863210c56d27265) Importer(815301076,1909f56bfc062723c751e8b465ee728b)
Start importing Assets/Actors/Objects/RawResourceExtractor.prefab using Guid(f8f6341176e54c146863210c56d27265) Importer(815301076,1909f56bfc062723c751e8b465ee728b)  -> (artifact id: '0413dd9c0a9170c88be10c2770930d82') in 0.058580 seconds 
========================================================================
Received Import Request.
  Time since last request: 0.900708 seconds.
  path: Assets/Actors/Objects/Object.prefab
  artifactKey: Guid(d601ca78fcad3254ebe95269dc102a90) Importer(815301076,1909f56bfc062723c751e8b465ee728b)
Start importing Assets/Actors/Objects/Object.prefab using Guid(d601ca78fcad3254ebe95269dc102a90) Importer(815301076,1909f56bfc062723c751e8b465ee728b)  -> (artifact id: '7543b8411c6868f1d4a17bc41d93db1f') in 0.039017 seconds 
========================================================================
Received Import Request.
  Time since last request: 0.000034 seconds.
  path: Assets/Actors/Objects/RawResourceExtractor.prefab
  artifactKey: Guid(f8f6341176e54c146863210c56d27265) Importer(815301076,1909f56bfc062723c751e8b465ee728b)
Start importing Assets/Actors/Objects/RawResourceExtractor.prefab using Guid(f8f6341176e54c146863210c56d27265) Importer(815301076,1909f56bfc062723c751e8b465ee728b)  -> (artifact id: '70d353004232147d0c39e36017af5e1b') in 0.054100 seconds 
========================================================================
Received Import Request.
  Time since last request: 4.717626 seconds.
  path: Assets/Actors/Objects/Object.prefab
  artifactKey: Guid(d601ca78fcad3254ebe95269dc102a90) Importer(815301076,1909f56bfc062723c751e8b465ee728b)
Start importing Assets/Actors/Objects/Object.prefab using Guid(d601ca78fcad3254ebe95269dc102a90) Importer(815301076,1909f56bfc062723c751e8b465ee728b)  -> (artifact id: 'c23cb2d3550342bfa08002ce33a557e3') in 0.041886 seconds 
========================================================================
Received Import Request.
  Time since last request: 0.000026 seconds.
  path: Assets/Actors/Objects/Rocket.prefab
  artifactKey: Guid(f8e8f86d7f96d6f44a70ac9200c9ee43) Importer(815301076,1909f56bfc062723c751e8b465ee728b)
Start importing Assets/Actors/Objects/Rocket.prefab using Guid(f8e8f86d7f96d6f44a70ac9200c9ee43) Importer(815301076,1909f56bfc062723c751e8b465ee728b)  -> (artifact id: '8997f6668fbcb890f166c1625c863979') in 0.037273 seconds 
========================================================================
Received Import Request.
  Time since last request: 2.527284 seconds.
  path: Assets/Actors/Objects/Object.prefab
  artifactKey: Guid(d601ca78fcad3254ebe95269dc102a90) Importer(815301076,1909f56bfc062723c751e8b465ee728b)
Start importing Assets/Actors/Objects/Object.prefab using Guid(d601ca78fcad3254ebe95269dc102a90) Importer(815301076,1909f56bfc062723c751e8b465ee728b)  -> (artifact id: '17b606b992bc5a52bcbddfe1091a2edc') in 0.043175 seconds 
========================================================================
Received Import Request.
  Time since last request: 0.000030 seconds.
  path: Assets/Actors/Objects/RawResourceExtractor.prefab
  artifactKey: Guid(f8f6341176e54c146863210c56d27265) Importer(815301076,1909f56bfc062723c751e8b465ee728b)
Start importing Assets/Actors/Objects/RawResourceExtractor.prefab using Guid(f8f6341176e54c146863210c56d27265) Importer(815301076,1909f56bfc062723c751e8b465ee728b)  -> (artifact id: 'f7325f12d07f2b9a7b7b5f6030115de9') in 0.055270 seconds 
========================================================================
Received Import Request.
  Time since last request: 1.869216 seconds.
  path: Assets/Actors/Objects/Object.prefab
  artifactKey: Guid(d601ca78fcad3254ebe95269dc102a90) Importer(815301076,1909f56bfc062723c751e8b465ee728b)
Start importing Assets/Actors/Objects/Object.prefab using Guid(d601ca78fcad3254ebe95269dc102a90) Importer(815301076,1909f56bfc062723c751e8b465ee728b)  -> (artifact id: 'cfe45494aa0feee04e8a8c032168def0') in 0.046178 seconds 
========================================================================
Received Import Request.
  Time since last request: 0.000064 seconds.
  path: Assets/Actors/Objects/Rocket.prefab
  artifactKey: Guid(f8e8f86d7f96d6f44a70ac9200c9ee43) Importer(815301076,1909f56bfc062723c751e8b465ee728b)
Start importing Assets/Actors/Objects/Rocket.prefab using Guid(f8e8f86d7f96d6f44a70ac9200c9ee43) Importer(815301076,1909f56bfc062723c751e8b465ee728b)  -> (artifact id: 'a25a7c3f32cf6b30ce74ab3785a299f9') in 0.052097 seconds 
========================================================================
Received Import Request.
  Time since last request: 7.976084 seconds.
  path: Assets/Actors/Objects/Object.prefab
  artifactKey: Guid(d601ca78fcad3254ebe95269dc102a90) Importer(815301076,1909f56bfc062723c751e8b465ee728b)
Start importing Assets/Actors/Objects/Object.prefab using Guid(d601ca78fcad3254ebe95269dc102a90) Importer(815301076,1909f56bfc062723c751e8b465ee728b)  -> (artifact id: '8d15575bdad04657cd56d55796f3bd68') in 0.051808 seconds 
========================================================================
Received Import Request.
  Time since last request: 0.000024 seconds.
  path: Assets/Actors/Objects/RawResourceExtractor.prefab
  artifactKey: Guid(f8f6341176e54c146863210c56d27265) Importer(815301076,1909f56bfc062723c751e8b465ee728b)
Start importing Assets/Actors/Objects/RawResourceExtractor.prefab using Guid(f8f6341176e54c146863210c56d27265) Importer(815301076,1909f56bfc062723c751e8b465ee728b)  -> (artifact id: 'd67bdd83ebea1f5144e62ab057862504') in 0.042670 seconds 
========================================================================
Received Import Request.
  Time since last request: 8.334055 seconds.
  path: Assets/Actors/Objects/Object.prefab
  artifactKey: Guid(d601ca78fcad3254ebe95269dc102a90) Importer(815301076,1909f56bfc062723c751e8b465ee728b)
Start importing Assets/Actors/Objects/Object.prefab using Guid(d601ca78fcad3254ebe95269dc102a90) Importer(815301076,1909f56bfc062723c751e8b465ee728b)  -> (artifact id: 'e80c508eea25a62102ba35ac61b683de') in 0.048244 seconds 
========================================================================
Received Import Request.
  Time since last request: 0.000027 seconds.
  path: Assets/Actors/Objects/Rocket.prefab
  artifactKey: Guid(f8e8f86d7f96d6f44a70ac9200c9ee43) Importer(815301076,1909f56bfc062723c751e8b465ee728b)
Start importing Assets/Actors/Objects/Rocket.prefab using Guid(f8e8f86d7f96d6f44a70ac9200c9ee43) Importer(815301076,1909f56bfc062723c751e8b465ee728b)  -> (artifact id: 'd23d7f5cba45a305059e3603757873bf') in 0.043195 seconds 
========================================================================
Received Import Request.
  Time since last request: 5.976259 seconds.
  path: Assets/Actors/Objects/Object.prefab
  artifactKey: Guid(d601ca78fcad3254ebe95269dc102a90) Importer(815301076,1909f56bfc062723c751e8b465ee728b)
Start importing Assets/Actors/Objects/Object.prefab using Guid(d601ca78fcad3254ebe95269dc102a90) Importer(815301076,1909f56bfc062723c751e8b465ee728b)  -> (artifact id: '7fa4572ab2c14def6132f51f7eadaddd') in 0.036934 seconds 
========================================================================
Received Import Request.
  Time since last request: 0.000037 seconds.
  path: Assets/Actors/Objects/RawResourceExtractor.prefab
  artifactKey: Guid(f8f6341176e54c146863210c56d27265) Importer(815301076,1909f56bfc062723c751e8b465ee728b)
Start importing Assets/Actors/Objects/RawResourceExtractor.prefab using Guid(f8f6341176e54c146863210c56d27265) Importer(815301076,1909f56bfc062723c751e8b465ee728b)  -> (artifact id: '8dba176cdd2dde393714cbdd695390a8') in 0.052646 seconds 
========================================================================
Received Import Request.
  Time since last request: 3.691909 seconds.
  path: Assets/Actors/Objects/Object.prefab
  artifactKey: Guid(d601ca78fcad3254ebe95269dc102a90) Importer(815301076,1909f56bfc062723c751e8b465ee728b)
Start importing Assets/Actors/Objects/Object.prefab using Guid(d601ca78fcad3254ebe95269dc102a90) Importer(815301076,1909f56bfc062723c751e8b465ee728b)  -> (artifact id: '81638b840fcb8168a4ffee00f8acaab9') in 0.047302 seconds 
========================================================================
Received Import Request.
  Time since last request: 0.000029 seconds.
  path: Assets/Actors/Objects/Rocket.prefab
  artifactKey: Guid(f8e8f86d7f96d6f44a70ac9200c9ee43) Importer(815301076,1909f56bfc062723c751e8b465ee728b)
Start importing Assets/Actors/Objects/Rocket.prefab using Guid(f8e8f86d7f96d6f44a70ac9200c9ee43) Importer(815301076,1909f56bfc062723c751e8b465ee728b)  -> (artifact id: '6be0e5791e74d89e6d96c1c99a841947') in 0.040798 seconds 
========================================================================
Received Import Request.
  Time since last request: 2.684154 seconds.
  path: Assets/Actors/Objects/Object.prefab
  artifactKey: Guid(d601ca78fcad3254ebe95269dc102a90) Importer(815301076,1909f56bfc062723c751e8b465ee728b)
Start importing Assets/Actors/Objects/Object.prefab using Guid(d601ca78fcad3254ebe95269dc102a90) Importer(815301076,1909f56bfc062723c751e8b465ee728b)  -> (artifact id: '5977d6ad496637ebfb544adc677bddc5') in 0.052472 seconds 
========================================================================
Received Import Request.
  Time since last request: 7.175246 seconds.
  path: Assets/Actors/Objects/Object.prefab
  artifactKey: Guid(d601ca78fcad3254ebe95269dc102a90) Importer(815301076,1909f56bfc062723c751e8b465ee728b)
Start importing Assets/Actors/Objects/Object.prefab using Guid(d601ca78fcad3254ebe95269dc102a90) Importer(815301076,1909f56bfc062723c751e8b465ee728b)  -> (artifact id: '9d5b7bd8640deb30e1c69e9b014f4e10') in 0.045260 seconds 
========================================================================
Received Import Request.
  Time since last request: 0.000026 seconds.
  path: Assets/Actors/Objects/Rocket.prefab
  artifactKey: Guid(f8e8f86d7f96d6f44a70ac9200c9ee43) Importer(815301076,1909f56bfc062723c751e8b465ee728b)
Start importing Assets/Actors/Objects/Rocket.prefab using Guid(f8e8f86d7f96d6f44a70ac9200c9ee43) Importer(815301076,1909f56bfc062723c751e8b465ee728b)  -> (artifact id: 'c0bb97d75166958a66bdb722890c5339') in 0.051818 seconds 
========================================================================
Received Import Request.
  Time since last request: 4.046699 seconds.
  path: Assets/Actors/Objects/Object.prefab
  artifactKey: Guid(d601ca78fcad3254ebe95269dc102a90) Importer(815301076,1909f56bfc062723c751e8b465ee728b)
Start importing Assets/Actors/Objects/Object.prefab using Guid(d601ca78fcad3254ebe95269dc102a90) Importer(815301076,1909f56bfc062723c751e8b465ee728b)  -> (artifact id: 'd5433c2c7b3edd1ef6b3d617fa38bef2') in 0.033092 seconds 
========================================================================
Received Import Request.
  Time since last request: 0.000035 seconds.
  path: Assets/Actors/Objects/RawResourceExtractor.prefab
  artifactKey: Guid(f8f6341176e54c146863210c56d27265) Importer(815301076,1909f56bfc062723c751e8b465ee728b)
Start importing Assets/Actors/Objects/RawResourceExtractor.prefab using Guid(f8f6341176e54c146863210c56d27265) Importer(815301076,1909f56bfc062723c751e8b465ee728b)  -> (artifact id: '0756963a93fb8eeded3b2d239dfaa59a') in 0.044058 seconds 
========================================================================
Received Import Request.
  Time since last request: 5.567466 seconds.
  path: Assets/Actors/Objects/Object.prefab
  artifactKey: Guid(d601ca78fcad3254ebe95269dc102a90) Importer(815301076,1909f56bfc062723c751e8b465ee728b)
Start importing Assets/Actors/Objects/Object.prefab using Guid(d601ca78fcad3254ebe95269dc102a90) Importer(815301076,1909f56bfc062723c751e8b465ee728b)  -> (artifact id: 'd7b4aa43c6bd476625f9509ff0c13a61') in 0.037556 seconds 
========================================================================
Received Import Request.
  Time since last request: 0.000068 seconds.
  path: Assets/Actors/Objects/RawResourceExtractor.prefab
  artifactKey: Guid(f8f6341176e54c146863210c56d27265) Importer(815301076,1909f56bfc062723c751e8b465ee728b)
Start importing Assets/Actors/Objects/RawResourceExtractor.prefab using Guid(f8f6341176e54c146863210c56d27265) Importer(815301076,1909f56bfc062723c751e8b465ee728b)  -> (artifact id: '771f7d111e066cc1730bfd08a7f22302') in 0.039074 seconds 
========================================================================
Received Import Request.
  Time since last request: 1.463461 seconds.
  path: Assets/Actors/Objects/Object.prefab
  artifactKey: Guid(d601ca78fcad3254ebe95269dc102a90) Importer(815301076,1909f56bfc062723c751e8b465ee728b)
Start importing Assets/Actors/Objects/Object.prefab using Guid(d601ca78fcad3254ebe95269dc102a90) Importer(815301076,1909f56bfc062723c751e8b465ee728b)  -> (artifact id: '00000000000000000000000000000000') in 0.034728 seconds  code(4) message(Build asset version error: assets/actors/objects/object.prefab in SourceAssetDB has modification time of '2022-12-11T21:24:17.1528462Z' while content on disk has modification time of '2022-12-11T21:24:17.5068473Z')
  ERROR: Build asset version error: assets/actors/objects/object.prefab in SourceAssetDB has modification time of '2022-12-11T21:24:17.1528462Z' while content on disk has modification time of '2022-12-11T21:24:17.5068473Z'
========================================================================
Received Import Request.
  Time since last request: 0.000044 seconds.
  path: Assets/Actors/Objects/RawResourceExtractor.prefab
  artifactKey: Guid(f8f6341176e54c146863210c56d27265) Importer(815301076,1909f56bfc062723c751e8b465ee728b)
Start importing Assets/Actors/Objects/RawResourceExtractor.prefab using Guid(f8f6341176e54c146863210c56d27265) Importer(815301076,1909f56bfc062723c751e8b465ee728b)  -> (artifact id: '771f7d111e066cc1730bfd08a7f22302') in 0.046102 seconds 
========================================================================
Received Import Request.
  Time since last request: 2.756685 seconds.
  path: Assets/Actors/Objects/Object.prefab
  artifactKey: Guid(d601ca78fcad3254ebe95269dc102a90) Importer(815301076,1909f56bfc062723c751e8b465ee728b)
Start importing Assets/Actors/Objects/Object.prefab using Guid(d601ca78fcad3254ebe95269dc102a90) Importer(815301076,1909f56bfc062723c751e8b465ee728b)  -> (artifact id: 'a12d142be5202cae12ad45ceac23b2f4') in 0.037355 seconds 
========================================================================
Received Import Request.
  Time since last request: 0.000034 seconds.
  path: Assets/Actors/Objects/RawResourceExtractor.prefab
  artifactKey: Guid(f8f6341176e54c146863210c56d27265) Importer(815301076,1909f56bfc062723c751e8b465ee728b)
Start importing Assets/Actors/Objects/RawResourceExtractor.prefab using Guid(f8f6341176e54c146863210c56d27265) Importer(815301076,1909f56bfc062723c751e8b465ee728b)  -> (artifact id: '751aba220e63ad6f44b8045543ced99c') in 0.056878 seconds 
========================================================================
Received Import Request.
  Time since last request: 5.717511 seconds.
  path: Assets/Actors/Objects/Object.prefab
  artifactKey: Guid(d601ca78fcad3254ebe95269dc102a90) Importer(815301076,1909f56bfc062723c751e8b465ee728b)
Start importing Assets/Actors/Objects/Object.prefab using Guid(d601ca78fcad3254ebe95269dc102a90) Importer(815301076,1909f56bfc062723c751e8b465ee728b)  -> (artifact id: '00000000000000000000000000000000') in 0.047718 seconds  code(4) message(Build asset version error: assets/actors/objects/object.prefab in SourceAssetDB has modification time of '2022-12-11T21:24:25.8093459Z' while content on disk has modification time of '2022-12-11T21:24:26.1928469Z')
  ERROR: Build asset version error: assets/actors/objects/object.prefab in SourceAssetDB has modification time of '2022-12-11T21:24:25.8093459Z' while content on disk has modification time of '2022-12-11T21:24:26.1928469Z'
========================================================================
Received Import Request.
  Time since last request: 0.000036 seconds.
  path: Assets/Actors/Objects/Rocket.prefab
  artifactKey: Guid(f8e8f86d7f96d6f44a70ac9200c9ee43) Importer(815301076,1909f56bfc062723c751e8b465ee728b)
Start importing Assets/Actors/Objects/Rocket.prefab using Guid(f8e8f86d7f96d6f44a70ac9200c9ee43) Importer(815301076,1909f56bfc062723c751e8b465ee728b)  -> (artifact id: '8097e2557543adfc67db5c66d53c75fd') in 0.036006 seconds 
========================================================================
Received Import Request.
  Time since last request: 1.912603 seconds.
  path: Assets/Actors/Objects/Object.prefab
  artifactKey: Guid(d601ca78fcad3254ebe95269dc102a90) Importer(815301076,1909f56bfc062723c751e8b465ee728b)
Start importing Assets/Actors/Objects/Object.prefab using Guid(d601ca78fcad3254ebe95269dc102a90) Importer(815301076,1909f56bfc062723c751e8b465ee728b)  -> (artifact id: 'e39d1263ccaae96fa39d126f9487f966') in 0.033204 seconds 
========================================================================
Received Import Request.
  Time since last request: 0.000036 seconds.
  path: Assets/Actors/Objects/RawResourceExtractor.prefab
  artifactKey: Guid(f8f6341176e54c146863210c56d27265) Importer(815301076,1909f56bfc062723c751e8b465ee728b)
Start importing Assets/Actors/Objects/RawResourceExtractor.prefab using Guid(f8f6341176e54c146863210c56d27265) Importer(815301076,1909f56bfc062723c751e8b465ee728b)  -> (artifact id: 'dd264ca0cebe097d23a164049dd34334') in 0.047949 seconds 
========================================================================
Received Import Request.
  Time since last request: 3.337284 seconds.
  path: Assets/Actors/Objects/Object.prefab
  artifactKey: Guid(d601ca78fcad3254ebe95269dc102a90) Importer(815301076,1909f56bfc062723c751e8b465ee728b)
Start importing Assets/Actors/Objects/Object.prefab using Guid(d601ca78fcad3254ebe95269dc102a90) Importer(815301076,1909f56bfc062723c751e8b465ee728b)  -> (artifact id: '2291b0568e2e9f1ff3e288da5ea8ab21') in 0.038898 seconds 
========================================================================
Received Import Request.
  Time since last request: 0.000025 seconds.
  path: Assets/Actors/Objects/Rocket.prefab
  artifactKey: Guid(f8e8f86d7f96d6f44a70ac9200c9ee43) Importer(815301076,1909f56bfc062723c751e8b465ee728b)
Start importing Assets/Actors/Objects/Rocket.prefab using Guid(f8e8f86d7f96d6f44a70ac9200c9ee43) Importer(815301076,1909f56bfc062723c751e8b465ee728b)  -> (artifact id: '9c6eef7c514d4b5b90fe32fe2741955f') in 0.039180 seconds 
========================================================================
Received Import Request.
  Time since last request: 2.956847 seconds.
  path: Assets/Actors/Objects/Object.prefab
  artifactKey: Guid(d601ca78fcad3254ebe95269dc102a90) Importer(815301076,1909f56bfc062723c751e8b465ee728b)
Start importing Assets/Actors/Objects/Object.prefab using Guid(d601ca78fcad3254ebe95269dc102a90) Importer(815301076,1909f56bfc062723c751e8b465ee728b)  -> (artifact id: '8c7ac065822e724a2fcfc4ae286368a1') in 0.033707 seconds 
========================================================================
Received Import Request.
  Time since last request: 0.000027 seconds.
  path: Assets/Actors/Objects/RawResourceExtractor.prefab
  artifactKey: Guid(f8f6341176e54c146863210c56d27265) Importer(815301076,1909f56bfc062723c751e8b465ee728b)
Start importing Assets/Actors/Objects/RawResourceExtractor.prefab using Guid(f8f6341176e54c146863210c56d27265) Importer(815301076,1909f56bfc062723c751e8b465ee728b)  -> (artifact id: '72d3beaa00aa8a92ccc53db5e89d4c08') in 0.046135 seconds 
========================================================================
Received Import Request.
  Time since last request: 7.601403 seconds.
  path: Assets/Actors/Objects/Object.prefab
  artifactKey: Guid(d601ca78fcad3254ebe95269dc102a90) Importer(815301076,1909f56bfc062723c751e8b465ee728b)
Start importing Assets/Actors/Objects/Object.prefab using Guid(d601ca78fcad3254ebe95269dc102a90) Importer(815301076,1909f56bfc062723c751e8b465ee728b)  -> (artifact id: 'c8fbcf36b99a1d4b6ad6b276c133d5a0') in 0.045039 seconds 
========================================================================
Received Import Request.
  Time since last request: 0.000028 seconds.
  path: Assets/Actors/Objects/RawResourceExtractor.prefab
  artifactKey: Guid(f8f6341176e54c146863210c56d27265) Importer(815301076,1909f56bfc062723c751e8b465ee728b)
Start importing Assets/Actors/Objects/RawResourceExtractor.prefab using Guid(f8f6341176e54c146863210c56d27265) Importer(815301076,1909f56bfc062723c751e8b465ee728b)  -> (artifact id: 'e6923c6f5f079023106a6cbd117d259c') in 0.051026 seconds 
========================================================================
Received Import Request.
  Time since last request: 7.281182 seconds.
  path: Assets/Actors/Objects/Object.prefab
  artifactKey: Guid(d601ca78fcad3254ebe95269dc102a90) Importer(815301076,1909f56bfc062723c751e8b465ee728b)
Start importing Assets/Actors/Objects/Object.prefab using Guid(d601ca78fcad3254ebe95269dc102a90) Importer(815301076,1909f56bfc062723c751e8b465ee728b)  -> (artifact id: 'a9e4be891ab2c4e888c026212d885cc9') in 0.045018 seconds 
========================================================================
Received Import Request.
  Time since last request: 0.000027 seconds.
  path: Assets/Actors/Objects/Rocket.prefab
  artifactKey: Guid(f8e8f86d7f96d6f44a70ac9200c9ee43) Importer(815301076,1909f56bfc062723c751e8b465ee728b)
Start importing Assets/Actors/Objects/Rocket.prefab using Guid(f8e8f86d7f96d6f44a70ac9200c9ee43) Importer(815301076,1909f56bfc062723c751e8b465ee728b)  -> (artifact id: 'cfb9caa8af12a12552de298f605cd5b7') in 0.036854 seconds 
Editor requested this worker to shutdown with reason: Scaling down because of idle timeout
AssetImportWorker is now disconnected from the server
Process exiting
Exiting without the bug reporter. Application will terminate with return code 0