Using pre-set license
Built from '2021.3/staging' branch; Version is '2021.3.15f1 (e8e88683f834) revision 15263878'; Using compiler version '192829333'; Build Type 'Release'
OS: 'Windows 10  (10.0.19044) 64bit Professional' Language: 'en' Physical Memory: 32653 MB
BatchMode: 1, IsHumanControllingUs: 0, StartBugReporterOnCrash: 0, Is64bit: 1, IsPro: 1

COMMAND LINE ARGUMENTS:
C:\Program Files\Unity\Hub\Editor\2021.3.15f1\Editor\Unity.exe
-adb2
-batchMode
-noUpm
-name
AssetImportWorker4
-projectPath
C:/Users/Katie/Projects/GitHub/EteXPLOaRE
-logFile
Logs/AssetImportWorker4.log
-srvPort
52709
Successfully changed project path to: C:/Users/Katie/Projects/GitHub/EteXPLOaRE
C:/Users/Katie/Projects/GitHub/EteXPLOaRE
[UnityMemory] Configuration Parameters - Can be set up in boot.config
    "memorysetup-bucket-allocator-granularity=16"
    "memorysetup-bucket-allocator-bucket-count=8"
    "memorysetup-bucket-allocator-block-size=33554432"
    "memorysetup-bucket-allocator-block-count=8"
    "memorysetup-main-allocator-block-size=16777216"
    "memorysetup-thread-allocator-block-size=16777216"
    "memorysetup-gfx-main-allocator-block-size=16777216"
    "memorysetup-gfx-thread-allocator-block-size=16777216"
    "memorysetup-cache-allocator-block-size=4194304"
    "memorysetup-typetree-allocator-block-size=2097152"
    "memorysetup-profiler-bucket-allocator-granularity=16"
    "memorysetup-profiler-bucket-allocator-bucket-count=8"
    "memorysetup-profiler-bucket-allocator-block-size=33554432"
    "memorysetup-profiler-bucket-allocator-block-count=8"
    "memorysetup-profiler-allocator-block-size=16777216"
    "memorysetup-profiler-editor-allocator-block-size=1048576"
    "memorysetup-temp-allocator-size-main=16777216"
    "memorysetup-job-temp-allocator-block-size=2097152"
    "memorysetup-job-temp-allocator-block-size-background=1048576"
    "memorysetup-job-temp-allocator-reduction-small-platforms=262144"
    "memorysetup-temp-allocator-size-background-worker=32768"
    "memorysetup-temp-allocator-size-job-worker=262144"
    "memorysetup-temp-allocator-size-preload-manager=33554432"
    "memorysetup-temp-allocator-size-nav-mesh-worker=65536"
    "memorysetup-temp-allocator-size-audio-worker=65536"
    "memorysetup-temp-allocator-size-cloud-worker=32768"
    "memorysetup-temp-allocator-size-gi-baking-worker=262144"
    "memorysetup-temp-allocator-size-gfx=262144"
Player connection [45456] Host "[IP] 169.254.36.30 [Port] 0 [Flags] 2 [Guid] 259150702 [EditorId] 259150702 [Version] 1048832 [Id] WindowsEditor(7,Lovelace-Win10) [Debug] 1 [PackageName] WindowsEditor [ProjectName] Editor" joined multi-casting on [225.0.0.222:54997]...

Player connection [45456] Host "[IP] 169.254.36.30 [Port] 0 [Flags] 2 [Guid] 259150702 [EditorId] 259150702 [Version] 1048832 [Id] WindowsEditor(7,Lovelace-Win10) [Debug] 1 [PackageName] WindowsEditor [ProjectName] Editor" joined alternative multi-casting on [225.0.0.222:34997]...

Refreshing native plugins compatible for Editor in 110.87 ms, found 3 plugins.
Preloading 0 native plugins for Editor in 0.00 ms.
Initialize engine version: 2021.3.15f1 (e8e88683f834)
[Subsystems] Discovering subsystems at path C:/Program Files/Unity/Hub/Editor/2021.3.15f1/Editor/Data/Resources/UnitySubsystems
[Subsystems] Discovering subsystems at path C:/Users/Katie/Projects/GitHub/EteXPLOaRE/Assets
GfxDevice: creating device client; threaded=0; jobified=0
Direct3D:
    Version:  Direct3D 11.0 [level 11.1]
    Renderer: NVIDIA GeForce RTX 3060 Ti (ID=0x2489)
    Vendor:   NVIDIA
    VRAM:     8050 MB
    Driver:   31.0.15.1694
Initialize mono
Mono path[0] = 'C:/Program Files/Unity/Hub/Editor/2021.3.15f1/Editor/Data/Managed'
Mono path[1] = 'C:/Program Files/Unity/Hub/Editor/2021.3.15f1/Editor/Data/MonoBleedingEdge/lib/mono/unityjit-win32'
Mono config path = 'C:/Program Files/Unity/Hub/Editor/2021.3.15f1/Editor/Data/MonoBleedingEdge/etc'
Using monoOptions --debugger-agent=transport=dt_socket,embedding=1,server=y,suspend=n,address=127.0.0.1:56044
Begin MonoManager ReloadAssembly
Registering precompiled unity dll's ...
Register platform support module: C:/Program Files/Unity/Hub/Editor/2021.3.15f1/Editor/Data/PlaybackEngines/WebGLSupport/UnityEditor.WebGL.Extensions.dll
Register platform support module: C:/Program Files/Unity/Hub/Editor/2021.3.15f1/Editor/Data/PlaybackEngines/AndroidPlayer/UnityEditor.Android.Extensions.dll
Register platform support module: C:/Program Files/Unity/Hub/Editor/2021.3.15f1/Editor/Data/PlaybackEngines/WindowsStandaloneSupport/UnityEditor.WindowsStandalone.Extensions.dll
Register platform support module: C:/Program Files/Unity/Hub/Editor/2021.3.15f1/Editor/Data/PlaybackEngines/LinuxStandaloneSupport/UnityEditor.LinuxStandalone.Extensions.dll
Registered in 0.026575 seconds.
Native extension for LinuxStandalone target not found
Native extension for WindowsStandalone target not found
Native extension for Android target not found
Native extension for WebGL target not found
Refreshing native plugins compatible for Editor in 101.11 ms, found 3 plugins.
Preloading 0 native plugins for Editor in 0.00 ms.
Mono: successfully reloaded assembly
- Completed reload, in  0.711 seconds
Domain Reload Profiling:
	ReloadAssembly (711ms)
		BeginReloadAssembly (123ms)
			ExecutionOrderSort (0ms)
			DisableScriptedObjects (0ms)
			BackupInstance (0ms)
			ReleaseScriptingObjects (0ms)
			CreateAndSetChildDomain (1ms)
		EndReloadAssembly (454ms)
			LoadAssemblies (119ms)
			RebuildTransferFunctionScriptingTraits (0ms)
			SetupTypeCache (102ms)
			ReleaseScriptCaches (0ms)
			RebuildScriptCaches (21ms)
			SetupLoadedEditorAssemblies (277ms)
				LogAssemblyErrors (0ms)
				InitializePlatformSupportModulesInManaged (65ms)
				SetLoadedEditorAssemblies (0ms)
				RefreshPlugins (101ms)
				BeforeProcessingInitializeOnLoad (1ms)
				ProcessInitializeOnLoadAttributes (75ms)
				ProcessInitializeOnLoadMethodAttributes (35ms)
				AfterProcessingInitializeOnLoad (0ms)
				EditorAssembliesLoaded (0ms)
			ExecutionOrderSort2 (0ms)
			AwakeInstancesAfterBackupRestoration (0ms)
Platform modules already initialized, skipping
Registering precompiled user dll's ...
Registered in 0.016286 seconds.
Begin MonoManager ReloadAssembly
Symbol file LoadedFromMemory doesn't match image C:\Users\Katie\Projects\GitHub\EteXPLOaRE\Library\PackageCache\com.unity.visualscripting@1.7.8\Editor\VisualScripting.Core\Dependencies\YamlDotNet\Unity.VisualScripting.YamlDotNet.dll
Symbol file LoadedFromMemory doesn't match image C:\Users\Katie\Projects\GitHub\EteXPLOaRE\Library\PackageCache\com.unity.visualscripting@1.7.8\Editor\VisualScripting.Core\Dependencies\DotNetZip\Unity.VisualScripting.IonicZip.dll
Native extension for LinuxStandalone target not found
Native extension for WindowsStandalone target not found
Native extension for Android target not found
Native extension for WebGL target not found
Refreshing native plugins compatible for Editor in 109.54 ms, found 3 plugins.
Preloading 0 native plugins for Editor in 0.00 ms.
Mono: successfully reloaded assembly
- Completed reload, in  1.517 seconds
Domain Reload Profiling:
	ReloadAssembly (1517ms)
		BeginReloadAssembly (256ms)
			ExecutionOrderSort (0ms)
			DisableScriptedObjects (5ms)
			BackupInstance (0ms)
			ReleaseScriptingObjects (0ms)
			CreateAndSetChildDomain (121ms)
		EndReloadAssembly (1125ms)
			LoadAssemblies (165ms)
			RebuildTransferFunctionScriptingTraits (0ms)
			SetupTypeCache (282ms)
			ReleaseScriptCaches (1ms)
			RebuildScriptCaches (58ms)
			SetupLoadedEditorAssemblies (611ms)
				LogAssemblyErrors (0ms)
				InitializePlatformSupportModulesInManaged (33ms)
				SetLoadedEditorAssemblies (0ms)
				RefreshPlugins (110ms)
				BeforeProcessingInitializeOnLoad (146ms)
				ProcessInitializeOnLoadAttributes (228ms)
				ProcessInitializeOnLoadMethodAttributes (73ms)
				AfterProcessingInitializeOnLoad (20ms)
				EditorAssembliesLoaded (0ms)
			ExecutionOrderSort2 (0ms)
			AwakeInstancesAfterBackupRestoration (6ms)
Platform modules already initialized, skipping
========================================================================
Worker process is ready to serve import requests
Launched and connected shader compiler UnityShaderCompiler.exe after 0.06 seconds
Refreshing native plugins compatible for Editor in 1.12 ms, found 3 plugins.
Preloading 0 native plugins for Editor in 0.00 ms.
Unloading 5483 Unused Serialized files (Serialized files now loaded: 0)
Unloading 35 unused Assets / (0.8 MB). Loaded Objects now: 5943.
Memory consumption went from 219.6 MB to 218.8 MB.
Total: 3.866100 ms (FindLiveObjects: 0.506600 ms CreateObjectMapping: 0.174200 ms MarkObjects: 2.810800 ms  DeleteObjects: 0.372500 ms)

AssetImportParameters requested are different than current active one (requested -> active):
  custom:video-decoder-ogg-theora: a1e56fd34408186e4bbccfd4996cb3dc -> 
  custom:container-muxer-webm: aa71ff27fc2769a1b78a27578f13a17b -> 
  custom:container-demuxer-webm: 4f35f7cbe854078d1ac9338744f61a02 -> 
  custom:video-encoder-webm-vp8: eb34c28f22e8b96e1ab97ce403110664 -> 
  custom:audio-encoder-webm-vorbis: bf7c407c2cedff20999df2af8eb42d56 -> 
  custom:framework-win-MediaFoundation: 216162199b28c13a410421893ffa2e32 -> 
  custom:container-demuxer-ogg: 62fdf1f143b41e24485cea50d1cbac27 -> 
  custom:video-decoder-webm-vp8: 9c59270c3fd7afecdb556c50c9e8de78 -> 
  custom:audio-decoder-ogg-vorbis: bf7c407c2cedff20999df2af8eb42d56 -> 
========================================================================
Received Import Request.
  Time since last request: 171415.351401 seconds.
  path: Assets/Actors/Objects/Assembler.prefab
  artifactKey: Guid(34ca1b240cade83449c57c26d335250d) Importer(815301076,1909f56bfc062723c751e8b465ee728b)
Start importing Assets/Actors/Objects/Assembler.prefab using Guid(34ca1b240cade83449c57c26d335250d) Importer(815301076,1909f56bfc062723c751e8b465ee728b)  -> (artifact id: 'a0ea3be9509a5aaab0a604adfe01324b') in 0.302806 seconds 
========================================================================
Received Import Request.
  Time since last request: 5.283635 seconds.
  path: Assets/Actors/Objects/Assembler.prefab
  artifactKey: Guid(34ca1b240cade83449c57c26d335250d) Importer(815301076,1909f56bfc062723c751e8b465ee728b)
Start importing Assets/Actors/Objects/Assembler.prefab using Guid(34ca1b240cade83449c57c26d335250d) Importer(815301076,1909f56bfc062723c751e8b465ee728b)  -> (artifact id: '6a8c33af930d2d6f8733259cbef89407') in 0.064407 seconds 
========================================================================
Received Import Request.
  Time since last request: 4.779019 seconds.
  path: Assets/Actors/Objects/Assembler.prefab
  artifactKey: Guid(34ca1b240cade83449c57c26d335250d) Importer(815301076,1909f56bfc062723c751e8b465ee728b)
Start importing Assets/Actors/Objects/Assembler.prefab using Guid(34ca1b240cade83449c57c26d335250d) Importer(815301076,1909f56bfc062723c751e8b465ee728b)  -> (artifact id: 'da633a1174ee23a5912270ed96e63340') in 0.052493 seconds 
========================================================================
Received Import Request.
  Time since last request: 0.961079 seconds.
  path: Assets/Actors/Objects/Assembler.prefab
  artifactKey: Guid(34ca1b240cade83449c57c26d335250d) Importer(815301076,1909f56bfc062723c751e8b465ee728b)
Start importing Assets/Actors/Objects/Assembler.prefab using Guid(34ca1b240cade83449c57c26d335250d) Importer(815301076,1909f56bfc062723c751e8b465ee728b)  -> (artifact id: '71ba3a13c2e345bfc74eb761b2ddd4e6') in 0.044824 seconds 
========================================================================
Received Import Request.
  Time since last request: 4.775921 seconds.
  path: Assets/Actors/Objects/Assembler.prefab
  artifactKey: Guid(34ca1b240cade83449c57c26d335250d) Importer(815301076,1909f56bfc062723c751e8b465ee728b)
Start importing Assets/Actors/Objects/Assembler.prefab using Guid(34ca1b240cade83449c57c26d335250d) Importer(815301076,1909f56bfc062723c751e8b465ee728b)  -> (artifact id: '8f8b7b58f198249775c1cc854ca69d51') in 0.044678 seconds 
========================================================================
Received Import Request.
  Time since last request: 2.569874 seconds.
  path: Assets/Actors/Objects/Assembler.prefab
  artifactKey: Guid(34ca1b240cade83449c57c26d335250d) Importer(815301076,1909f56bfc062723c751e8b465ee728b)
Start importing Assets/Actors/Objects/Assembler.prefab using Guid(34ca1b240cade83449c57c26d335250d) Importer(815301076,1909f56bfc062723c751e8b465ee728b)  -> (artifact id: '30041e86af62e3d2e758fb9536a866d5') in 0.047611 seconds 
========================================================================
Received Import Request.
  Time since last request: 0.000035 seconds.
  path: Assets/Actors/Objects/Rocket.prefab
  artifactKey: Guid(f8e8f86d7f96d6f44a70ac9200c9ee43) Importer(815301076,1909f56bfc062723c751e8b465ee728b)
Start importing Assets/Actors/Objects/Rocket.prefab using Guid(f8e8f86d7f96d6f44a70ac9200c9ee43) Importer(815301076,1909f56bfc062723c751e8b465ee728b)  -> (artifact id: '477062eef0fc3757d96256ea5954a685') in 0.055237 seconds 
========================================================================
Received Import Request.
  Time since last request: 1.863670 seconds.
  path: Assets/Actors/Objects/Assembler.prefab
  artifactKey: Guid(34ca1b240cade83449c57c26d335250d) Importer(815301076,1909f56bfc062723c751e8b465ee728b)
Start importing Assets/Actors/Objects/Assembler.prefab using Guid(34ca1b240cade83449c57c26d335250d) Importer(815301076,1909f56bfc062723c751e8b465ee728b)  -> (artifact id: '9bf0f38ce894df7a46d7140be82d44de') in 0.052654 seconds 
========================================================================
Received Import Request.
  Time since last request: 8.031416 seconds.
  path: Assets/Actors/Objects/Assembler.prefab
  artifactKey: Guid(34ca1b240cade83449c57c26d335250d) Importer(815301076,1909f56bfc062723c751e8b465ee728b)
Start importing Assets/Actors/Objects/Assembler.prefab using Guid(34ca1b240cade83449c57c26d335250d) Importer(815301076,1909f56bfc062723c751e8b465ee728b)  -> (artifact id: '48765319e102cfd8c3046f06fc58aad2') in 0.085719 seconds 
========================================================================
Received Import Request.
  Time since last request: 0.000029 seconds.
  path: Assets/Actors/Objects/Rocket.prefab
  artifactKey: Guid(f8e8f86d7f96d6f44a70ac9200c9ee43) Importer(815301076,1909f56bfc062723c751e8b465ee728b)
Start importing Assets/Actors/Objects/Rocket.prefab using Guid(f8e8f86d7f96d6f44a70ac9200c9ee43) Importer(815301076,1909f56bfc062723c751e8b465ee728b)  -> (artifact id: '3cc5460a96030b4653f7da183958f23b') in 0.043932 seconds 
========================================================================
Received Import Request.
  Time since last request: 8.296370 seconds.
  path: Assets/Actors/Objects/Assembler.prefab
  artifactKey: Guid(34ca1b240cade83449c57c26d335250d) Importer(815301076,1909f56bfc062723c751e8b465ee728b)
Start importing Assets/Actors/Objects/Assembler.prefab using Guid(34ca1b240cade83449c57c26d335250d) Importer(815301076,1909f56bfc062723c751e8b465ee728b)  -> (artifact id: 'ff869c6e454ffef0c1079a986666949b') in 0.050023 seconds 
========================================================================
Received Import Request.
  Time since last request: 6.025272 seconds.
  path: Assets/Actors/Objects/Assembler.prefab
  artifactKey: Guid(34ca1b240cade83449c57c26d335250d) Importer(815301076,1909f56bfc062723c751e8b465ee728b)
Start importing Assets/Actors/Objects/Assembler.prefab using Guid(34ca1b240cade83449c57c26d335250d) Importer(815301076,1909f56bfc062723c751e8b465ee728b)  -> (artifact id: 'cca99a4f0befd194594128ccce4e24ac') in 0.044575 seconds 
========================================================================
Received Import Request.
  Time since last request: 3.745096 seconds.
  path: Assets/Actors/Objects/Assembler.prefab
  artifactKey: Guid(34ca1b240cade83449c57c26d335250d) Importer(815301076,1909f56bfc062723c751e8b465ee728b)
Start importing Assets/Actors/Objects/Assembler.prefab using Guid(34ca1b240cade83449c57c26d335250d) Importer(815301076,1909f56bfc062723c751e8b465ee728b)  -> (artifact id: '5eb4e27c825272097df4602bc519f6d9') in 0.048974 seconds 
========================================================================
Received Import Request.
  Time since last request: 2.731081 seconds.
  path: Assets/Actors/Objects/Assembler.prefab
  artifactKey: Guid(34ca1b240cade83449c57c26d335250d) Importer(815301076,1909f56bfc062723c751e8b465ee728b)
Start importing Assets/Actors/Objects/Assembler.prefab using Guid(34ca1b240cade83449c57c26d335250d) Importer(815301076,1909f56bfc062723c751e8b465ee728b)  -> (artifact id: 'c95f94ee0c9d54c2f7f32527b99b3911') in 0.052974 seconds 
========================================================================
Received Import Request.
  Time since last request: 0.000040 seconds.
  path: Assets/Actors/Objects/Rocket.prefab
  artifactKey: Guid(f8e8f86d7f96d6f44a70ac9200c9ee43) Importer(815301076,1909f56bfc062723c751e8b465ee728b)
Start importing Assets/Actors/Objects/Rocket.prefab using Guid(f8e8f86d7f96d6f44a70ac9200c9ee43) Importer(815301076,1909f56bfc062723c751e8b465ee728b)  -> (artifact id: '74e3a9aebcd08e91739827b17e38d13a') in 0.042530 seconds 
========================================================================
Received Import Request.
  Time since last request: 7.123828 seconds.
  path: Assets/Actors/Objects/Assembler.prefab
  artifactKey: Guid(34ca1b240cade83449c57c26d335250d) Importer(815301076,1909f56bfc062723c751e8b465ee728b)
Start importing Assets/Actors/Objects/Assembler.prefab using Guid(34ca1b240cade83449c57c26d335250d) Importer(815301076,1909f56bfc062723c751e8b465ee728b)  -> (artifact id: 'b77a2c7d8581d1f0e9b26a8db372ff25') in 0.044742 seconds 
========================================================================
Received Import Request.
  Time since last request: 0.000026 seconds.
  path: Assets/Actors/Objects/RawResourceExtractor.prefab
  artifactKey: Guid(f8f6341176e54c146863210c56d27265) Importer(815301076,1909f56bfc062723c751e8b465ee728b)
Start importing Assets/Actors/Objects/RawResourceExtractor.prefab using Guid(f8f6341176e54c146863210c56d27265) Importer(815301076,1909f56bfc062723c751e8b465ee728b)  -> (artifact id: '898dc2a8a380834b99727ecff4a610da') in 0.053337 seconds 
========================================================================
Received Import Request.
  Time since last request: 4.045433 seconds.
  path: Assets/Actors/Objects/Assembler.prefab
  artifactKey: Guid(34ca1b240cade83449c57c26d335250d) Importer(815301076,1909f56bfc062723c751e8b465ee728b)
Start importing Assets/Actors/Objects/Assembler.prefab using Guid(34ca1b240cade83449c57c26d335250d) Importer(815301076,1909f56bfc062723c751e8b465ee728b)  -> (artifact id: '9772470536b166aa2bd18f91d707e346') in 0.045251 seconds 
========================================================================
Received Import Request.
  Time since last request: 5.606972 seconds.
  path: Assets/Actors/Objects/Assembler.prefab
  artifactKey: Guid(34ca1b240cade83449c57c26d335250d) Importer(815301076,1909f56bfc062723c751e8b465ee728b)
Start importing Assets/Actors/Objects/Assembler.prefab using Guid(34ca1b240cade83449c57c26d335250d) Importer(815301076,1909f56bfc062723c751e8b465ee728b)  -> (artifact id: '655434caa7fb318cbe2b968b8b7b557f') in 0.049814 seconds 
========================================================================
Received Import Request.
  Time since last request: 1.498205 seconds.
  path: Assets/Actors/Objects/Assembler.prefab
  artifactKey: Guid(34ca1b240cade83449c57c26d335250d) Importer(815301076,1909f56bfc062723c751e8b465ee728b)
Start importing Assets/Actors/Objects/Assembler.prefab using Guid(34ca1b240cade83449c57c26d335250d) Importer(815301076,1909f56bfc062723c751e8b465ee728b)  -> (artifact id: '48136592ef0c76b94ead745f1c3349bf') in 0.045352 seconds 
========================================================================
Received Import Request.
  Time since last request: 2.800168 seconds.
  path: Assets/Actors/Objects/Assembler.prefab
  artifactKey: Guid(34ca1b240cade83449c57c26d335250d) Importer(815301076,1909f56bfc062723c751e8b465ee728b)
Start importing Assets/Actors/Objects/Assembler.prefab using Guid(34ca1b240cade83449c57c26d335250d) Importer(815301076,1909f56bfc062723c751e8b465ee728b)  -> (artifact id: 'e73c91650c3309725a664741dafd0591') in 0.045958 seconds 
========================================================================
Received Import Request.
  Time since last request: 5.772302 seconds.
  path: Assets/Actors/Objects/Assembler.prefab
  artifactKey: Guid(34ca1b240cade83449c57c26d335250d) Importer(815301076,1909f56bfc062723c751e8b465ee728b)
Start importing Assets/Actors/Objects/Assembler.prefab using Guid(34ca1b240cade83449c57c26d335250d) Importer(815301076,1909f56bfc062723c751e8b465ee728b)  -> (artifact id: '6626e543f5db409a143538ef79960c41') in 0.054200 seconds 
========================================================================
Received Import Request.
  Time since last request: 1.949967 seconds.
  path: Assets/Actors/Objects/Assembler.prefab
  artifactKey: Guid(34ca1b240cade83449c57c26d335250d) Importer(815301076,1909f56bfc062723c751e8b465ee728b)
Start importing Assets/Actors/Objects/Assembler.prefab using Guid(34ca1b240cade83449c57c26d335250d) Importer(815301076,1909f56bfc062723c751e8b465ee728b)  -> (artifact id: 'd3b04ffecbd6971b5fafde815505b0f2') in 0.050584 seconds 
========================================================================
Received Import Request.
  Time since last request: 3.378086 seconds.
  path: Assets/Actors/Objects/Assembler.prefab
  artifactKey: Guid(34ca1b240cade83449c57c26d335250d) Importer(815301076,1909f56bfc062723c751e8b465ee728b)
Start importing Assets/Actors/Objects/Assembler.prefab using Guid(34ca1b240cade83449c57c26d335250d) Importer(815301076,1909f56bfc062723c751e8b465ee728b)  -> (artifact id: '5a8f6ca59658f1a2e83b1e912676c24e') in 0.044881 seconds 
========================================================================
Received Import Request.
  Time since last request: 2.999127 seconds.
  path: Assets/Actors/Objects/Assembler.prefab
  artifactKey: Guid(34ca1b240cade83449c57c26d335250d) Importer(815301076,1909f56bfc062723c751e8b465ee728b)
Start importing Assets/Actors/Objects/Assembler.prefab using Guid(34ca1b240cade83449c57c26d335250d) Importer(815301076,1909f56bfc062723c751e8b465ee728b)  -> (artifact id: 'ae9f7eae008827907cee2f339b5aeff8') in 0.045385 seconds 
========================================================================
Received Import Request.
  Time since last request: 7.642485 seconds.
  path: Assets/Actors/Objects/Assembler.prefab
  artifactKey: Guid(34ca1b240cade83449c57c26d335250d) Importer(815301076,1909f56bfc062723c751e8b465ee728b)
Start importing Assets/Actors/Objects/Assembler.prefab using Guid(34ca1b240cade83449c57c26d335250d) Importer(815301076,1909f56bfc062723c751e8b465ee728b)  -> (artifact id: 'e5d7ea8a4086f388960af7d2c9f27e4c') in 0.051107 seconds 
========================================================================
Received Import Request.
  Time since last request: 0.000025 seconds.
  path: Assets/Actors/Objects/Rocket.prefab
  artifactKey: Guid(f8e8f86d7f96d6f44a70ac9200c9ee43) Importer(815301076,1909f56bfc062723c751e8b465ee728b)
Start importing Assets/Actors/Objects/Rocket.prefab using Guid(f8e8f86d7f96d6f44a70ac9200c9ee43) Importer(815301076,1909f56bfc062723c751e8b465ee728b)  -> (artifact id: '80b337ca5ff9e91ea48362ff4c2d3a4f') in 0.036969 seconds 
========================================================================
Received Import Request.
  Time since last request: 7.288747 seconds.
  path: Assets/Actors/Objects/Assembler.prefab
  artifactKey: Guid(34ca1b240cade83449c57c26d335250d) Importer(815301076,1909f56bfc062723c751e8b465ee728b)
Start importing Assets/Actors/Objects/Assembler.prefab using Guid(34ca1b240cade83449c57c26d335250d) Importer(815301076,1909f56bfc062723c751e8b465ee728b)  -> (artifact id: '2481f043fef1ebd2700f39c44a0ce04b') in 0.047071 seconds 
========================================================================
Received Import Request.
  Time since last request: 22.517379 seconds.
  path: Assets/Actors/Objects/RawResourceExtractor.prefab
  artifactKey: Guid(f8f6341176e54c146863210c56d27265) Importer(815301076,1909f56bfc062723c751e8b465ee728b)
Start importing Assets/Actors/Objects/RawResourceExtractor.prefab using Guid(f8f6341176e54c146863210c56d27265) Importer(815301076,1909f56bfc062723c751e8b465ee728b)  -> (artifact id: '11851d5b2e6587d1d76d6475ad3013a8') in 0.050294 seconds 
========================================================================
Received Import Request.
  Time since last request: 13.658067 seconds.
  path: Assets/Actors/Objects/RawResourceExtractor.prefab
  artifactKey: Guid(f8f6341176e54c146863210c56d27265) Importer(815301076,1909f56bfc062723c751e8b465ee728b)
Start importing Assets/Actors/Objects/RawResourceExtractor.prefab using Guid(f8f6341176e54c146863210c56d27265) Importer(815301076,1909f56bfc062723c751e8b465ee728b)  -> (artifact id: 'a6138ce986089ef83c803897f448725d') in 0.063117 seconds 
========================================================================
Received Import Request.
  Time since last request: 13.843740 seconds.
  path: Assets/Actors/Objects/RawResourceExtractor.prefab
  artifactKey: Guid(f8f6341176e54c146863210c56d27265) Importer(815301076,1909f56bfc062723c751e8b465ee728b)
Start importing Assets/Actors/Objects/RawResourceExtractor.prefab using Guid(f8f6341176e54c146863210c56d27265) Importer(815301076,1909f56bfc062723c751e8b465ee728b)  -> (artifact id: '890137c68a643e6a3b296ca0472d9447') in 0.053156 seconds 
========================================================================
Received Import Request.
  Time since last request: 26.098977 seconds.
  path: Assets/Actors/Objects/Assembler.prefab
  artifactKey: Guid(34ca1b240cade83449c57c26d335250d) Importer(815301076,1909f56bfc062723c751e8b465ee728b)
Start importing Assets/Actors/Objects/Assembler.prefab using Guid(34ca1b240cade83449c57c26d335250d) Importer(815301076,1909f56bfc062723c751e8b465ee728b)  -> (artifact id: '6ff966e37133ba7cd4c6cc42c388f0e3') in 0.044321 seconds 
========================================================================
Received Import Request.
  Time since last request: 0.000035 seconds.
  path: Assets/Actors/Objects/RawResourceExtractor.prefab
  artifactKey: Guid(f8f6341176e54c146863210c56d27265) Importer(815301076,1909f56bfc062723c751e8b465ee728b)
Start importing Assets/Actors/Objects/RawResourceExtractor.prefab using Guid(f8f6341176e54c146863210c56d27265) Importer(815301076,1909f56bfc062723c751e8b465ee728b)  -> (artifact id: 'bd20f891d1cdc36bde88588e291f38b6') in 0.041422 seconds 
========================================================================
Received Import Request.
  Time since last request: 28.788276 seconds.
  path: Assets/Actors/Objects/Assembler.prefab
  artifactKey: Guid(34ca1b240cade83449c57c26d335250d) Importer(815301076,1909f56bfc062723c751e8b465ee728b)
Start importing Assets/Actors/Objects/Assembler.prefab using Guid(34ca1b240cade83449c57c26d335250d) Importer(815301076,1909f56bfc062723c751e8b465ee728b)  -> (artifact id: 'c1635b25bf95376f33abd1e94f5d8757') in 0.070530 seconds 
========================================================================
Received Import Request.
  Time since last request: 0.000031 seconds.
  path: Assets/Actors/Objects/Rocket.prefab
  artifactKey: Guid(f8e8f86d7f96d6f44a70ac9200c9ee43) Importer(815301076,1909f56bfc062723c751e8b465ee728b)
Start importing Assets/Actors/Objects/Rocket.prefab using Guid(f8e8f86d7f96d6f44a70ac9200c9ee43) Importer(815301076,1909f56bfc062723c751e8b465ee728b)  -> (artifact id: 'd2b78064d135df4dee359f131b2a385e') in 0.039849 seconds 
========================================================================
Received Import Request.
  Time since last request: 22.947143 seconds.
  path: Assets/Actors/Objects/Assembler.prefab
  artifactKey: Guid(34ca1b240cade83449c57c26d335250d) Importer(815301076,1909f56bfc062723c751e8b465ee728b)
Start importing Assets/Actors/Objects/Assembler.prefab using Guid(34ca1b240cade83449c57c26d335250d) Importer(815301076,1909f56bfc062723c751e8b465ee728b)  -> (artifact id: '0a2d158d3e1b4680b8550e71e3211e32') in 0.041463 seconds 
========================================================================
Received Import Request.
  Time since last request: 3.201025 seconds.
  path: Assets/Actors/Objects/Assembler.prefab
  artifactKey: Guid(34ca1b240cade83449c57c26d335250d) Importer(815301076,1909f56bfc062723c751e8b465ee728b)
Start importing Assets/Actors/Objects/Assembler.prefab using Guid(34ca1b240cade83449c57c26d335250d) Importer(815301076,1909f56bfc062723c751e8b465ee728b)  -> (artifact id: 'a2c3edbcb8afc247fc6b0ea7424578ac') in 0.046609 seconds 
========================================================================
Received Import Request.
  Time since last request: 1.297025 seconds.
  path: Assets/Actors/Objects/Assembler.prefab
  artifactKey: Guid(34ca1b240cade83449c57c26d335250d) Importer(815301076,1909f56bfc062723c751e8b465ee728b)
Start importing Assets/Actors/Objects/Assembler.prefab using Guid(34ca1b240cade83449c57c26d335250d) Importer(815301076,1909f56bfc062723c751e8b465ee728b)  -> (artifact id: '40a9ec845f45d8bb74672269bf59c9f6') in 0.040152 seconds 
========================================================================
Received Import Request.
  Time since last request: 5.057927 seconds.
  path: Assets/Actors/Objects/Assembler.prefab
  artifactKey: Guid(34ca1b240cade83449c57c26d335250d) Importer(815301076,1909f56bfc062723c751e8b465ee728b)
Start importing Assets/Actors/Objects/Assembler.prefab using Guid(34ca1b240cade83449c57c26d335250d) Importer(815301076,1909f56bfc062723c751e8b465ee728b)  -> (artifact id: '7b1e67ac2f301c33a6151b08818a816e') in 0.039759 seconds 
========================================================================
Received Import Request.
  Time since last request: 10.274752 seconds.
  path: Assets/Actors/Objects/Assembler.prefab
  artifactKey: Guid(34ca1b240cade83449c57c26d335250d) Importer(815301076,1909f56bfc062723c751e8b465ee728b)
Start importing Assets/Actors/Objects/Assembler.prefab using Guid(34ca1b240cade83449c57c26d335250d) Importer(815301076,1909f56bfc062723c751e8b465ee728b)  -> (artifact id: '4d50df4adaa528da09249eb2f5c1556c') in 0.041878 seconds 
========================================================================
Received Import Request.
  Time since last request: 5.775452 seconds.
  path: Assets/Actors/Objects/Assembler.prefab
  artifactKey: Guid(34ca1b240cade83449c57c26d335250d) Importer(815301076,1909f56bfc062723c751e8b465ee728b)
Start importing Assets/Actors/Objects/Assembler.prefab using Guid(34ca1b240cade83449c57c26d335250d) Importer(815301076,1909f56bfc062723c751e8b465ee728b)  -> (artifact id: '47eb0e5226799ee185746334407b0a5d') in 0.044159 seconds 
========================================================================
Received Import Request.
  Time since last request: 8.025066 seconds.
  path: Assets/Actors/Objects/Assembler.prefab
  artifactKey: Guid(34ca1b240cade83449c57c26d335250d) Importer(815301076,1909f56bfc062723c751e8b465ee728b)
Start importing Assets/Actors/Objects/Assembler.prefab using Guid(34ca1b240cade83449c57c26d335250d) Importer(815301076,1909f56bfc062723c751e8b465ee728b)  -> (artifact id: '1ea75227bd335b34ad4788c56deb6485') in 0.046373 seconds 
========================================================================
Received Import Request.
  Time since last request: 22.794867 seconds.
  path: Assets/Actors/Objects/UIPanelMaterial.mat
  artifactKey: Guid(d325130f21136b24cb33371afd093e45) Importer(815301076,1909f56bfc062723c751e8b465ee728b)
Start importing Assets/Actors/Objects/UIPanelMaterial.mat using Guid(d325130f21136b24cb33371afd093e45) Importer(815301076,1909f56bfc062723c751e8b465ee728b)  -> (artifact id: 'df880a5cfa074c30dfbe0b378e1d2d95') in 0.049194 seconds 
========================================================================
Received Import Request.
  Time since last request: 27.452737 seconds.
  path: Assets/Actors/Objects/Assembler.prefab
  artifactKey: Guid(34ca1b240cade83449c57c26d335250d) Importer(815301076,1909f56bfc062723c751e8b465ee728b)
Start importing Assets/Actors/Objects/Assembler.prefab using Guid(34ca1b240cade83449c57c26d335250d) Importer(815301076,1909f56bfc062723c751e8b465ee728b)  -> (artifact id: '881927eb247cb56eace37b42f63870d8') in 0.045207 seconds 
========================================================================
Received Import Request.
  Time since last request: 0.000029 seconds.
  path: Assets/Actors/Objects/Object.prefab
  artifactKey: Guid(d601ca78fcad3254ebe95269dc102a90) Importer(815301076,1909f56bfc062723c751e8b465ee728b)
Start importing Assets/Actors/Objects/Object.prefab using Guid(d601ca78fcad3254ebe95269dc102a90) Importer(815301076,1909f56bfc062723c751e8b465ee728b)  -> (artifact id: '421086a87797f144457792a627d8f832') in 0.039325 seconds 
========================================================================
Received Import Request.
  Time since last request: 0.000064 seconds.
  path: Assets/Actors/Objects/Rocket.prefab
  artifactKey: Guid(f8e8f86d7f96d6f44a70ac9200c9ee43) Importer(815301076,1909f56bfc062723c751e8b465ee728b)
Start importing Assets/Actors/Objects/Rocket.prefab using Guid(f8e8f86d7f96d6f44a70ac9200c9ee43) Importer(815301076,1909f56bfc062723c751e8b465ee728b)  -> (artifact id: '2ee40c52ab10301b7a59534a31ea80c3') in 0.042972 seconds 
========================================================================
Received Import Request.
  Time since last request: 1.828140 seconds.
  path: Assets/Actors/Objects/Assembler.prefab
  artifactKey: Guid(34ca1b240cade83449c57c26d335250d) Importer(815301076,1909f56bfc062723c751e8b465ee728b)
Start importing Assets/Actors/Objects/Assembler.prefab using Guid(34ca1b240cade83449c57c26d335250d) Importer(815301076,1909f56bfc062723c751e8b465ee728b)  -> (artifact id: '697193ba510cbffc99b4983983c451bb') in 0.046326 seconds 
========================================================================
Received Import Request.
  Time since last request: 0.000030 seconds.
  path: Assets/Actors/Objects/RawResourceExtractor.prefab
  artifactKey: Guid(f8f6341176e54c146863210c56d27265) Importer(815301076,1909f56bfc062723c751e8b465ee728b)
Start importing Assets/Actors/Objects/RawResourceExtractor.prefab using Guid(f8f6341176e54c146863210c56d27265) Importer(815301076,1909f56bfc062723c751e8b465ee728b)  -> (artifact id: '3079fc98cd3287a6fc6729ca8582c074') in 0.047043 seconds 
========================================================================
Received Import Request.
  Time since last request: 0.000027 seconds.
  path: Assets/Actors/Objects/UIPanelMaterial.mat
  artifactKey: Guid(d325130f21136b24cb33371afd093e45) Importer(815301076,1909f56bfc062723c751e8b465ee728b)
Start importing Assets/Actors/Objects/UIPanelMaterial.mat using Guid(d325130f21136b24cb33371afd093e45) Importer(815301076,1909f56bfc062723c751e8b465ee728b)  -> (artifact id: 'c3de7e217dfec15dca54a54a666c1f8b') in 0.024948 seconds 
========================================================================
Received Import Request.
  Time since last request: 11.384487 seconds.
  path: Assets/Actors/Objects/IntractableController.cs
  artifactKey: Guid(d7b4e366792429b4bb89025a0999f2ce) Importer(815301076,1909f56bfc062723c751e8b465ee728b)
Start importing Assets/Actors/Objects/IntractableController.cs using Guid(d7b4e366792429b4bb89025a0999f2ce) Importer(815301076,1909f56bfc062723c751e8b465ee728b)  -> (artifact id: '44253976ba7293367f4a8dccc295d6f9') in 0.033029 seconds 
========================================================================
Received Prepare
Registering precompiled user dll's ...
Registered in 0.018274 seconds.
Begin MonoManager ReloadAssembly
Symbol file LoadedFromMemory doesn't match image C:\Users\Katie\Projects\GitHub\EteXPLOaRE\Library\PackageCache\com.unity.visualscripting@1.7.8\Editor\VisualScripting.Core\Dependencies\YamlDotNet\Unity.VisualScripting.YamlDotNet.dll
Symbol file LoadedFromMemory doesn't match image C:\Users\Katie\Projects\GitHub\EteXPLOaRE\Library\PackageCache\com.unity.visualscripting@1.7.8\Editor\VisualScripting.Core\Dependencies\DotNetZip\Unity.VisualScripting.IonicZip.dll
Native extension for LinuxStandalone target not found
Native extension for WindowsStandalone target not found
Native extension for Android target not found
Native extension for WebGL target not found
Refreshing native plugins compatible for Editor in 1.22 ms, found 3 plugins.
Preloading 0 native plugins for Editor in 0.00 ms.
Mono: successfully reloaded assembly
- Completed reload, in  1.436 seconds
Domain Reload Profiling:
	ReloadAssembly (1436ms)
		BeginReloadAssembly (240ms)
			ExecutionOrderSort (0ms)
			DisableScriptedObjects (6ms)
			BackupInstance (0ms)
			ReleaseScriptingObjects (0ms)
			CreateAndSetChildDomain (42ms)
		EndReloadAssembly (1055ms)
			LoadAssemblies (219ms)
			RebuildTransferFunctionScriptingTraits (0ms)
			SetupTypeCache (270ms)
			ReleaseScriptCaches (2ms)
			RebuildScriptCaches (40ms)
			SetupLoadedEditorAssemblies (489ms)
				LogAssemblyErrors (0ms)
				InitializePlatformSupportModulesInManaged (41ms)
				SetLoadedEditorAssemblies (0ms)
				RefreshPlugins (1ms)
				BeforeProcessingInitializeOnLoad (131ms)
				ProcessInitializeOnLoadAttributes (219ms)
				ProcessInitializeOnLoadMethodAttributes (72ms)
				AfterProcessingInitializeOnLoad (24ms)
				EditorAssembliesLoaded (0ms)
			ExecutionOrderSort2 (0ms)
			AwakeInstancesAfterBackupRestoration (26ms)
Platform modules already initialized, skipping
Refreshing native plugins compatible for Editor in 3.57 ms, found 3 plugins.
Preloading 0 native plugins for Editor in 0.00 ms.
Unloading 5332 Unused Serialized files (Serialized files now loaded: 0)
Unloading 28 unused Assets / (0.8 MB). Loaded Objects now: 6041.
Memory consumption went from 214.8 MB to 214.1 MB.
Total: 6.275500 ms (FindLiveObjects: 0.876700 ms CreateObjectMapping: 0.207200 ms MarkObjects: 4.691300 ms  DeleteObjects: 0.498600 ms)

AssetImportParameters requested are different than current active one (requested -> active):
  custom:video-decoder-ogg-theora: a1e56fd34408186e4bbccfd4996cb3dc -> 
  custom:container-muxer-webm: aa71ff27fc2769a1b78a27578f13a17b -> 
  custom:container-demuxer-webm: 4f35f7cbe854078d1ac9338744f61a02 -> 
  custom:video-encoder-webm-vp8: eb34c28f22e8b96e1ab97ce403110664 -> 
  custom:audio-encoder-webm-vorbis: bf7c407c2cedff20999df2af8eb42d56 -> 
  custom:framework-win-MediaFoundation: 216162199b28c13a410421893ffa2e32 -> 
  custom:container-demuxer-ogg: 62fdf1f143b41e24485cea50d1cbac27 -> 
  custom:video-decoder-webm-vp8: 9c59270c3fd7afecdb556c50c9e8de78 -> 
  custom:audio-decoder-ogg-vorbis: bf7c407c2cedff20999df2af8eb42d56 -> 
========================================================================
Received Import Request.
  Time since last request: 121.660337 seconds.
  path: Assets/Actors/Objects/Object.prefab
  artifactKey: Guid(d601ca78fcad3254ebe95269dc102a90) Importer(815301076,1909f56bfc062723c751e8b465ee728b)
Start importing Assets/Actors/Objects/Object.prefab using Guid(d601ca78fcad3254ebe95269dc102a90) Importer(815301076,1909f56bfc062723c751e8b465ee728b)  -> (artifact id: '39c6c1f85a8c682bfbacb19ad353410f') in 0.241263 seconds 
========================================================================
Received Import Request.
  Time since last request: 0.000032 seconds.
  path: Assets/Actors/Objects/Rocket.prefab
  artifactKey: Guid(f8e8f86d7f96d6f44a70ac9200c9ee43) Importer(815301076,1909f56bfc062723c751e8b465ee728b)
Start importing Assets/Actors/Objects/Rocket.prefab using Guid(f8e8f86d7f96d6f44a70ac9200c9ee43) Importer(815301076,1909f56bfc062723c751e8b465ee728b)  -> (artifact id: 'c54066d3e214ca033e059634b7390ce1') in 0.043100 seconds 
========================================================================
Received Import Request.
  Time since last request: 0.000034 seconds.
  path: Assets/Actors/Objects/Factory.prefab
  artifactKey: Guid(4d3f9b68d914b3e409585289058e4bfe) Importer(815301076,1909f56bfc062723c751e8b465ee728b)
Start importing Assets/Actors/Objects/Factory.prefab using Guid(4d3f9b68d914b3e409585289058e4bfe) Importer(815301076,1909f56bfc062723c751e8b465ee728b)  -> (artifact id: 'dc85baaaa751c15f7031a3c873c3bc7a') in 0.040341 seconds 
========================================================================
Received Import Request.
  Time since last request: 3.068338 seconds.
  path: Assets/Actors/Objects/Assembler.prefab
  artifactKey: Guid(34ca1b240cade83449c57c26d335250d) Importer(815301076,1909f56bfc062723c751e8b465ee728b)
Start importing Assets/Actors/Objects/Assembler.prefab using Guid(34ca1b240cade83449c57c26d335250d) Importer(815301076,1909f56bfc062723c751e8b465ee728b)  -> (artifact id: '63b33aafdffd3fbf41cc624779352615') in 0.048433 seconds 
========================================================================
Received Import Request.
  Time since last request: 0.000030 seconds.
  path: Assets/Actors/Objects/Rocket.prefab
  artifactKey: Guid(f8e8f86d7f96d6f44a70ac9200c9ee43) Importer(815301076,1909f56bfc062723c751e8b465ee728b)
Start importing Assets/Actors/Objects/Rocket.prefab using Guid(f8e8f86d7f96d6f44a70ac9200c9ee43) Importer(815301076,1909f56bfc062723c751e8b465ee728b)  -> (artifact id: '28545ecb1d7e062385e79a5685d5e768') in 0.050671 seconds 
========================================================================
Received Import Request.
  Time since last request: 0.921691 seconds.
  path: Assets/Actors/Objects/Assembler.prefab
  artifactKey: Guid(34ca1b240cade83449c57c26d335250d) Importer(815301076,1909f56bfc062723c751e8b465ee728b)
Start importing Assets/Actors/Objects/Assembler.prefab using Guid(34ca1b240cade83449c57c26d335250d) Importer(815301076,1909f56bfc062723c751e8b465ee728b)  -> (artifact id: '0d954ef17794d3f5324e87dfa6eda782') in 0.047831 seconds 
========================================================================
Received Import Request.
  Time since last request: 0.000029 seconds.
  path: Assets/Actors/Objects/Rocket.prefab
  artifactKey: Guid(f8e8f86d7f96d6f44a70ac9200c9ee43) Importer(815301076,1909f56bfc062723c751e8b465ee728b)
Start importing Assets/Actors/Objects/Rocket.prefab using Guid(f8e8f86d7f96d6f44a70ac9200c9ee43) Importer(815301076,1909f56bfc062723c751e8b465ee728b)  -> (artifact id: 'b5d104e3700455236791b72e7904e8f7') in 0.041773 seconds 
========================================================================
Received Import Request.
  Time since last request: 2.707066 seconds.
  path: Assets/Actors/Objects/Assembler.prefab
  artifactKey: Guid(34ca1b240cade83449c57c26d335250d) Importer(815301076,1909f56bfc062723c751e8b465ee728b)
Start importing Assets/Actors/Objects/Assembler.prefab using Guid(34ca1b240cade83449c57c26d335250d) Importer(815301076,1909f56bfc062723c751e8b465ee728b)  -> (artifact id: '7b6eac32c89b965b35d1526f2764cc75') in 0.049217 seconds 
========================================================================
Received Import Request.
  Time since last request: 6.584285 seconds.
  path: Assets/Actors/Objects/Assembler.prefab
  artifactKey: Guid(34ca1b240cade83449c57c26d335250d) Importer(815301076,1909f56bfc062723c751e8b465ee728b)
Start importing Assets/Actors/Objects/Assembler.prefab using Guid(34ca1b240cade83449c57c26d335250d) Importer(815301076,1909f56bfc062723c751e8b465ee728b)  -> (artifact id: '37bc21617d531620efcd975cb4b43e71') in 0.051350 seconds 
========================================================================
Received Import Request.
  Time since last request: 3.273865 seconds.
  path: Assets/Actors/Objects/Assembler.prefab
  artifactKey: Guid(34ca1b240cade83449c57c26d335250d) Importer(815301076,1909f56bfc062723c751e8b465ee728b)
Start importing Assets/Actors/Objects/Assembler.prefab using Guid(34ca1b240cade83449c57c26d335250d) Importer(815301076,1909f56bfc062723c751e8b465ee728b)  -> (artifact id: 'd7b4fe2814da7909946432d64ffd13a6') in 0.044024 seconds 
========================================================================
Received Import Request.
  Time since last request: 2.998421 seconds.
  path: Assets/Actors/Objects/Assembler.prefab
  artifactKey: Guid(34ca1b240cade83449c57c26d335250d) Importer(815301076,1909f56bfc062723c751e8b465ee728b)
Start importing Assets/Actors/Objects/Assembler.prefab using Guid(34ca1b240cade83449c57c26d335250d) Importer(815301076,1909f56bfc062723c751e8b465ee728b)  -> (artifact id: '17d710279a368fb1c44118f4a312278a') in 0.046019 seconds 
========================================================================
Received Prepare
Registering precompiled user dll's ...
Registered in 0.020105 seconds.
Begin MonoManager ReloadAssembly
Symbol file LoadedFromMemory doesn't match image C:\Users\Katie\Projects\GitHub\EteXPLOaRE\Library\PackageCache\com.unity.visualscripting@1.7.8\Editor\VisualScripting.Core\Dependencies\YamlDotNet\Unity.VisualScripting.YamlDotNet.dll
Symbol file LoadedFromMemory doesn't match image C:\Users\Katie\Projects\GitHub\EteXPLOaRE\Library\PackageCache\com.unity.visualscripting@1.7.8\Editor\VisualScripting.Core\Dependencies\DotNetZip\Unity.VisualScripting.IonicZip.dll
Native extension for LinuxStandalone target not found
Native extension for WindowsStandalone target not found
Native extension for Android target not found
Native extension for WebGL target not found
Refreshing native plugins compatible for Editor in 1.26 ms, found 3 plugins.
Preloading 0 native plugins for Editor in 0.00 ms.
Mono: successfully reloaded assembly
- Completed reload, in  1.660 seconds
Domain Reload Profiling:
	ReloadAssembly (1661ms)
		BeginReloadAssembly (321ms)
			ExecutionOrderSort (0ms)
			DisableScriptedObjects (8ms)
			BackupInstance (0ms)
			ReleaseScriptingObjects (0ms)
			CreateAndSetChildDomain (47ms)
		EndReloadAssembly (1193ms)
			LoadAssemblies (319ms)
			RebuildTransferFunctionScriptingTraits (0ms)
			SetupTypeCache (303ms)
			ReleaseScriptCaches (2ms)
			RebuildScriptCaches (47ms)
			SetupLoadedEditorAssemblies (542ms)
				LogAssemblyErrors (0ms)
				InitializePlatformSupportModulesInManaged (42ms)
				SetLoadedEditorAssemblies (0ms)
				RefreshPlugins (1ms)
				BeforeProcessingInitializeOnLoad (155ms)
				ProcessInitializeOnLoadAttributes (232ms)
				ProcessInitializeOnLoadMethodAttributes (86ms)
				AfterProcessingInitializeOnLoad (24ms)
				EditorAssembliesLoaded (0ms)
			ExecutionOrderSort2 (0ms)
			AwakeInstancesAfterBackupRestoration (29ms)
Platform modules already initialized, skipping
Refreshing native plugins compatible for Editor in 4.28 ms, found 3 plugins.
Preloading 0 native plugins for Editor in 0.00 ms.
Unloading 5332 Unused Serialized files (Serialized files now loaded: 0)
Unloading 28 unused Assets / (0.7 MB). Loaded Objects now: 6085.
Memory consumption went from 215.0 MB to 214.2 MB.
Total: 4.900900 ms (FindLiveObjects: 0.693200 ms CreateObjectMapping: 0.176600 ms MarkObjects: 3.466200 ms  DeleteObjects: 0.563800 ms)

AssetImportParameters requested are different than current active one (requested -> active):
  custom:video-decoder-ogg-theora: a1e56fd34408186e4bbccfd4996cb3dc -> 
  custom:container-muxer-webm: aa71ff27fc2769a1b78a27578f13a17b -> 
  custom:container-demuxer-webm: 4f35f7cbe854078d1ac9338744f61a02 -> 
  custom:video-encoder-webm-vp8: eb34c28f22e8b96e1ab97ce403110664 -> 
  custom:audio-encoder-webm-vorbis: bf7c407c2cedff20999df2af8eb42d56 -> 
  custom:framework-win-MediaFoundation: 216162199b28c13a410421893ffa2e32 -> 
  custom:container-demuxer-ogg: 62fdf1f143b41e24485cea50d1cbac27 -> 
  custom:video-decoder-webm-vp8: 9c59270c3fd7afecdb556c50c9e8de78 -> 
  custom:audio-decoder-ogg-vorbis: bf7c407c2cedff20999df2af8eb42d56 -> 
Editor requested this worker to shutdown with reason: Scaling down because of idle timeout
AssetImportWorker is now disconnected from the server
Process exiting
Exiting without the bug reporter. Application will terminate with return code 0